<?xml version="1.0" encoding="UTF-8" ?>
<testsuite tests="2" failures="1" name="TestSuite" time="287.299" errors="0" skipped="0">
  <properties>
[...]
</properties>
  <testcase classname="com.Test.Guidewire.PolicyCenter.GW_PC_AccountCreation" name="AUT_PA_PC_Account_CreateNewPersonAccount" time="65.448"/>
  <testcase classname="com.Test.Guidewire.PolicyCenter.GW_PC_PersonalAuto_Submission" name="AUT_PA_PC_NewSubmission_BindOption_IssuePolicy" time="219.229">
    <failure message="Expected condition failed: waiting for text (&apos;New Note&apos;) to be present in element found by By.xpath: //div[contains(@class,&apos;gw-boldLabel&apos;) and text()=&apos;New Note&apos;] (tried for 20 second(s) with 500 milliseconds interval)" type="org.openqa.selenium.TimeoutException">org.openqa.selenium.TimeoutException: Expected condition failed: waiting for text (&apos;New Note&apos;) to be present in element found by By.xpath: //div[contains(@class,&apos;gw-boldLabel&apos;) and text()=&apos;New Note&apos;] (tried for 20 second(s) with 500 milliseconds interval)
	at org.openqa.selenium.support.ui.WebDriverWait.timeoutException(WebDriverWait.java:95)
	at org.openqa.selenium.support.ui.FluentWait.until(FluentWait.java:272)
	at com.Utils.Selenium.SeleniumWebDriver_Commands.GuidewireAutomate_Validation(SeleniumWebDriver_Commands.java:469)
	at com.pages.Guidewire.PersonalAuto.PersonalAuto_RiskAnalysis.button_Verify(PersonalAuto_RiskAnalysis.java:405)
	at com.pages.Guidewire.PersonalAuto.PersonalAuto_Reusable.submissionProcess(PersonalAuto_Reusable.java:339)
	at com.Test.Guidewire.PolicyCenter.GW_PC_PersonalAuto_Submission.AUT_PA_PC_NewSubmission_BindOption_IssuePolicy(GW_PC_PersonalAuto_Submission.java:429)
Caused by: org.openqa.selenium.NoSuchElementException: no such element: Unable to locate element: {&quot;method&quot;:&quot;xpath&quot;,&quot;selector&quot;:&quot;//div[contains(@class,&apos;gw-boldLabel&apos;) and text()=&apos;New Note&apos;]&quot;}
  (Session info: chrome=91.0.4472.77)
For documentation on this error, please visit: https://www.seleniumhq.org/exceptions/no_such_element.html
Build info: version: &apos;3.141.59&apos;, revision: &apos;e82be7d358&apos;, time: &apos;2018-11-14T08:17:03&apos;
System info: host: &apos;JMD&apos;, ip: &apos;192.168.1.100&apos;, os.name: &apos;Windows 10&apos;, os.arch: &apos;amd64&apos;, os.version: &apos;10.0&apos;, java.version: &apos;15.0.1&apos;
Driver info: org.openqa.selenium.chrome.ChromeDriver
Capabilities {acceptInsecureCerts: false, browserName: chrome, browserVersion: 91.0.4472.77, chrome: {chromedriverVersion: 91.0.4472.19 (1bf021f248676..., userDataDir: C:\Users\labor\AppData\Loca...}, goog:chromeOptions: {debuggerAddress: localhost:63791}, javascriptEnabled: true, networkConnectionEnabled: false, pageLoadStrategy: normal, platform: WINDOWS, platformName: WINDOWS, proxy: Proxy(), setWindowRect: true, strictFileInteractability: false, timeouts: {implicit: 0, pageLoad: 300000, script: 30000}, unhandledPromptBehavior: dismiss and notify, webauthn:extension:largeBlob: true, webauthn:virtualAuthenticators: true}
Session ID: 125c16838e7a2abbda6dbeba2190f804
*** Element info: {Using=xpath, value=//div[contains(@class,&apos;gw-boldLabel&apos;) and text()=&apos;New Note&apos;]}
	at java.base/jdk.internal.reflect.NativeConstructorAccessorImpl.newInstance0(Native Method)
	at java.base/jdk.internal.reflect.NativeConstructorAccessorImpl.newInstance(NativeConstructorAccessorImpl.java:64)
	at java.base/jdk.internal.reflect.DelegatingConstructorAccessorImpl.newInstance(DelegatingConstructorAccessorImpl.java:45)
	at java.base/java.lang.reflect.Constructor.newInstanceWithCaller(Constructor.java:500)
	at java.base/java.lang.reflect.Constructor.newInstance(Constructor.java:481)
	at org.openqa.selenium.remote.http.W3CHttpResponseCodec.createException(W3CHttpResponseCodec.java:187)
	at org.openqa.selenium.remote.http.W3CHttpResponseCodec.decode(W3CHttpResponseCodec.java:122)
	at org.openqa.selenium.remote.http.W3CHttpResponseCodec.decode(W3CHttpResponseCodec.java:49)
	at org.openqa.selenium.remote.HttpCommandExecutor.execute(HttpCommandExecutor.java:158)
	at org.openqa.selenium.remote.service.DriverCommandExecutor.execute(DriverCommandExecutor.java:83)
	at org.openqa.selenium.remote.RemoteWebDriver.execute(RemoteWebDriver.java:552)
	at org.openqa.selenium.remote.RemoteWebDriver.findElement(RemoteWebDriver.java:323)
	at org.openqa.selenium.remote.RemoteWebDriver.findElementByXPath(RemoteWebDriver.java:428)
	at org.openqa.selenium.By$ByXPath.findElement(By.java:353)
	at org.openqa.selenium.remote.RemoteWebDriver.findElement(RemoteWebDriver.java:315)
	at jdk.internal.reflect.GeneratedMethodAccessor4.invoke(Unknown Source)
	at java.base/jdk.internal.reflect.DelegatingMethodAccessorImpl.invoke(DelegatingMethodAccessorImpl.java:43)
	at java.base/java.lang.reflect.Method.invoke(Method.java:564)
	at org.openqa.selenium.support.events.EventFiringWebDriver.lambda$new$1(EventFiringWebDriver.java:105)
	at com.sun.proxy.$Proxy7.findElement(Unknown Source)
	at org.openqa.selenium.support.events.EventFiringWebDriver.findElement(EventFiringWebDriver.java:194)
	at org.openqa.selenium.support.ui.ExpectedConditions$13.apply(ExpectedConditions.java:382)
	at org.openqa.selenium.support.ui.ExpectedConditions$13.apply(ExpectedConditions.java:378)
	at org.openqa.selenium.support.ui.FluentWait.until(FluentWait.java:249)
	... 17 more
</failure>
    <system-out>-------------------------------------------------------------------------
onTestStart
-------------------------------------------------------------------------
strTestCaseName AUT_PA_PC_NewSubmission_BindOption_IssuePolicy
-------------------------------------------------------------------------
launching Chrome browser
Before navigating to: &apos;http://ec2-65-2-11-216.ap-south-1.compute.amazonaws.com:8080/PolicyCenter.do&apos;
Navigated to:&apos;http://ec2-65-2-11-216.ap-south-1.compute.amazonaws.com:8080/PolicyCenter.do&apos;
 executeQuery   strQuery = Select * from login WHERE PrimaryKey=&apos;AUT_PA_PC_NewSubmission_BindOption_IssuePolicy&apos;
Found Element By : By.xpath: //input[contains(@name,&apos;LoginDV-username&apos;)]
Found Element By : By.xpath: //input[contains(@name,&apos;LoginDV-username&apos;)]
Element : By.xpath: //input[contains(@name,&apos;LoginDV-username&apos;)] command : [sendKeys] Value : [su]
Found Element By : By.xpath: //input[contains(@name,&apos;LoginDV-password&apos;)]
Found Element By : By.xpath: //input[contains(@name,&apos;LoginDV-password&apos;)]
Element : By.xpath: //input[contains(@name,&apos;LoginDV-password&apos;)] command : [sendKeys] Value : [gw]
Found Element By : By.xpath: //div[@id=&apos;Login-LoginScreen-LoginDV-submit&apos;]//div
Found Element By : By.xpath: //div[@id=&apos;Login-LoginScreen-LoginDV-submit&apos;]//div
Element : By.xpath: //div[@id=&apos;Login-LoginScreen-LoginDV-submit&apos;]//div command : [click] Value : [click]
Found Element By : By.xpath: //div[@id=&apos;TabBar-AccountTab&apos;]/div[3]
Found Element By : By.xpath: //div[@id=&apos;TabBar-AccountTab&apos;]/div[3]
Element : By.xpath: //div[@id=&apos;TabBar-AccountTab&apos;]/div[3] command : [click] Value : [Null]
Found Element By : By.id: TabBar-AccountTab-AccountTab_NewAccount
Found Element By : By.id: TabBar-AccountTab-AccountTab_NewAccount
Element : By.id: TabBar-AccountTab-AccountTab_NewAccount command : [click] Value : [Null]
Found Element By : By.xpath: //div[contains(@class,&apos;gw-isScreenTitle&apos;)]//div[@class=&apos;gw-TitleBar--title&apos; and @role=&apos;heading&apos;]
Found Element By : By.xpath: //div[contains(@class,&apos;gw-isScreenTitle&apos;)]//div[@class=&apos;gw-TitleBar--title&apos; and @role=&apos;heading&apos;]
Found Element By : By.xpath: //div[contains(@class,&apos;gw-isScreenTitle&apos;)]//div[@class=&apos;gw-TitleBar--title&apos; and @role=&apos;heading&apos;]
Found Element By : By.xpath: //div[contains(@class,&apos;gw-isScreenTitle&apos;)]//div[@class=&apos;gw-TitleBar--title&apos; and @role=&apos;heading&apos;]
Found Element By : By.xpath: //div[contains(@class,&apos;gw-isScreenTitle&apos;)]//div[@class=&apos;gw-TitleBar--title&apos; and @role=&apos;heading&apos;]
Enter Account Information =&gt; Actual = [Enter Account Information] equals Expected = [Enter Account Information]
 executeQuery   strQuery = Select * from createAccount WHERE PrimaryKey=&apos;AUT_PA_PC_NewSubmission_BindOption_IssuePolicy&apos;
Found Element By : By.xpath: //div[contains(@class,&apos;gw-isScreenTitle&apos;)]//div[@class=&apos;gw-TitleBar--title&apos; and @role=&apos;heading&apos;]
Found Element By : By.xpath: //div[contains(@class,&apos;gw-isScreenTitle&apos;)]//div[@class=&apos;gw-TitleBar--title&apos; and @role=&apos;heading&apos;]
Found Element By : By.xpath: //div[contains(@class,&apos;gw-isScreenTitle&apos;)]//div[@class=&apos;gw-TitleBar--title&apos; and @role=&apos;heading&apos;]
Found Element By : By.xpath: //div[contains(@class,&apos;gw-isScreenTitle&apos;)]//div[@class=&apos;gw-TitleBar--title&apos; and @role=&apos;heading&apos;]
Enter Account Information =&gt; Actual = [Enter Account Information] equals Expected = [Enter Account Information]
Found Element By : By.xpath: //div[text()=&apos;First name&apos;]/following-sibling::div//input[contains(@name,&apos;GlobalPersonNameInputSet-FirstName&apos;)]
Found Element By : By.xpath: //div[text()=&apos;First name&apos;]/following-sibling::div//input[contains(@name,&apos;GlobalPersonNameInputSet-FirstName&apos;)]
Element : By.xpath: //div[text()=&apos;First name&apos;]/following-sibling::div//input[contains(@name,&apos;GlobalPersonNameInputSet-FirstName&apos;)] command : [sendKeys] Value : [EjovVELQg]
Found Element By : By.xpath: //div[text()=&apos;Last name&apos;]/following-sibling::div//input[contains(@name,&apos;GlobalPersonNameInputSet-LastName&apos;)]
Found Element By : By.xpath: //div[text()=&apos;Last name&apos;]/following-sibling::div//input[contains(@name,&apos;GlobalPersonNameInputSet-LastName&apos;)]
Element : By.xpath: //div[text()=&apos;Last name&apos;]/following-sibling::div//input[contains(@name,&apos;GlobalPersonNameInputSet-LastName&apos;)] command : [sendKeys] Value : [Automation]
Found Element By : By.xpath: //div[text()=&apos;Company name is an exact match&apos;]/following-sibling::div//input[@type=&apos;checkbox&apos; and contains(@name,&apos;CompanyNameExact&apos;)]
Found Element By : By.xpath: //div[text()=&apos;Company name is an exact match&apos;]/following-sibling::div//input[@type=&apos;checkbox&apos; and contains(@name,&apos;CompanyNameExact&apos;)]
Element : By.xpath: //div[text()=&apos;Company name is an exact match&apos;]/following-sibling::div//input[@type=&apos;checkbox&apos; and contains(@name,&apos;CompanyNameExact&apos;)] command : [click] Value : [On]
Found Element By : By.xpath: //div[text()=&apos;First name is an exact match&apos;]/following-sibling::div//input[@type=&apos;checkbox&apos; and contains(@name,&apos;FirstNameExact&apos;)]
Found Element By : By.xpath: //div[text()=&apos;First name is an exact match&apos;]/following-sibling::div//input[@type=&apos;checkbox&apos; and contains(@name,&apos;FirstNameExact&apos;)]
Element : By.xpath: //div[text()=&apos;First name is an exact match&apos;]/following-sibling::div//input[@type=&apos;checkbox&apos; and contains(@name,&apos;FirstNameExact&apos;)] command : [click] Value : [On]
Found Element By : By.xpath: //div[text()=&apos;Last name is an exact match&apos;]/following-sibling::div//input[@type=&apos;checkbox&apos; and contains(@name,&apos;LastNameExact&apos;)]
Found Element By : By.xpath: //div[text()=&apos;Last name is an exact match&apos;]/following-sibling::div//input[@type=&apos;checkbox&apos; and contains(@name,&apos;LastNameExact&apos;)]
Element : By.xpath: //div[text()=&apos;Last name is an exact match&apos;]/following-sibling::div//input[@type=&apos;checkbox&apos; and contains(@name,&apos;LastNameExact&apos;)] command : [click] Value : []
Found Element By : By.xpath: //select[contains(@name,&apos;GlobalAddressInputSet-Country&apos;)]
Found Element By : By.xpath: //select[contains(@name,&apos;GlobalAddressInputSet-Country&apos;)]
Found Element By : By.xpath: .//option[normalize-space(.) = &quot;United States&quot;]
Element : By.xpath: //select[contains(@name,&apos;GlobalAddressInputSet-Country&apos;)] command : [selectByVisibleText] Value : [United States]
Found Element By : By.xpath: //select[contains(@name,&apos;GlobalAddressInputSet-State&apos;)]
Found Element By : By.xpath: //select[contains(@name,&apos;GlobalAddressInputSet-State&apos;)]
Found Element By : By.xpath: .//option[normalize-space(.) = &quot;Alaska&quot;]
Element : By.xpath: //select[contains(@name,&apos;GlobalAddressInputSet-State&apos;)] command : [selectByVisibleText] Value : [Alaska]
Found Element By : By.xpath: //div[contains(@id,&apos;SearchLinksInputSet-Search&apos;)]
Found Element By : By.xpath: //div[contains(@id,&apos;SearchLinksInputSet-Search&apos;)]
Element : By.xpath: //div[contains(@id,&apos;SearchLinksInputSet-Search&apos;)] command : [clickAndwait] Value : []
Found Element By : By.xpath: //div[contains(@class,&apos;gw-MessagesWidget--group-CURRENT_PAGE&apos;)]//div[@class=&apos;gw-WebMessage&apos;]//div[@class=&apos;gw-message&apos;]
Found Element By : By.xpath: //div[contains(@class,&apos;gw-MessagesWidget--group-CURRENT_PAGE&apos;)]//div[@class=&apos;gw-WebMessage&apos;]//div[@class=&apos;gw-message&apos;]
Found Element By : By.xpath: //div[contains(@class,&apos;gw-MessagesWidget--group-CURRENT_PAGE&apos;)]//div[@class=&apos;gw-WebMessage&apos;]//div[@class=&apos;gw-message&apos;]
Found Element By : By.xpath: //div[contains(@class,&apos;gw-MessagesWidget--group-CURRENT_PAGE&apos;)]//div[@class=&apos;gw-WebMessage&apos;]//div[@class=&apos;gw-message&apos;]
The search returned zero results =&gt; Actual = [The search returned zero results.] equals Expected = [The search returned zero results.]
Found Element By : By.xpath: //div[@id=&apos;NewAccount-NewAccountScreen-NewAccountButton&apos;]
Found Element By : By.xpath: //div[@id=&apos;NewAccount-NewAccountScreen-NewAccountButton&apos;]
Element : By.xpath: //div[@id=&apos;NewAccount-NewAccountScreen-NewAccountButton&apos;] command : [click] Value : []
Found Element By : By.xpath: //div[@id=&apos;NewAccount-NewAccountScreen-NewAccountButton-NewAccount_Person&apos;]
Found Element By : By.xpath: //div[@id=&apos;NewAccount-NewAccountScreen-NewAccountButton-NewAccount_Person&apos;]
Element : By.xpath: //div[@id=&apos;NewAccount-NewAccountScreen-NewAccountButton-NewAccount_Person&apos;] command : [click] Value : []
Found Element By : By.xpath: //div[contains(@class,&apos;gw-isScreenTitle&apos;)]//div[@class=&apos;gw-TitleBar--title&apos; and @role=&apos;heading&apos;  and text()=&apos;Create account&apos;]
Found Element By : By.xpath: //div[contains(@class,&apos;gw-isScreenTitle&apos;)]//div[@class=&apos;gw-TitleBar--title&apos; and @role=&apos;heading&apos;  and text()=&apos;Create account&apos;]
Found Element By : By.xpath: //div[contains(@class,&apos;gw-isScreenTitle&apos;)]//div[@class=&apos;gw-TitleBar--title&apos; and @role=&apos;heading&apos;  and text()=&apos;Create account&apos;]
Found Element By : By.xpath: //div[contains(@class,&apos;gw-isScreenTitle&apos;)]//div[@class=&apos;gw-TitleBar--title&apos; and @role=&apos;heading&apos;  and text()=&apos;Create account&apos;]
Create account =&gt; Actual = [Create account] equals Expected = [Create account]
Found Element By : By.xpath: //div[contains(@class,&apos;gw-VerbatimWidget--inner&apos;) and text()=&apos;Please confirm account information&apos;]
Found Element By : By.xpath: //div[contains(@class,&apos;gw-VerbatimWidget--inner&apos;) and text()=&apos;Please confirm account information&apos;]
Found Element By : By.xpath: //div[contains(@class,&apos;gw-VerbatimWidget--inner&apos;) and text()=&apos;Please confirm account information&apos;]
Found Element By : By.xpath: //div[contains(@class,&apos;gw-VerbatimWidget--inner&apos;) and text()=&apos;Please confirm account information&apos;]
Please confirm account information =&gt; Actual = [Please confirm account information] equals Expected = [Please confirm account information]
Found Element By : By.xpath: //div[text()=&apos;First name&apos;]/following-sibling::div//input[contains(@name,&apos;GlobalPersonNameInputSet-FirstName&apos;)]
Found Element By : By.xpath: //div[text()=&apos;First name&apos;]/following-sibling::div//input[contains(@name,&apos;GlobalPersonNameInputSet-FirstName&apos;)]
Found Element By : By.xpath: //div[text()=&apos;First name&apos;]/following-sibling::div//input[contains(@name,&apos;GlobalPersonNameInputSet-FirstName&apos;)]
First Name =&gt; Actual = [EjovVELQg] valueEquals Expected = [EjovVELQg]
Found Element By : By.xpath: //div[text()=&apos;Last name&apos;]/following-sibling::div//input[contains(@name,&apos;GlobalPersonNameInputSet-LastName&apos;)]
Found Element By : By.xpath: //div[text()=&apos;Last name&apos;]/following-sibling::div//input[contains(@name,&apos;GlobalPersonNameInputSet-LastName&apos;)]
Found Element By : By.xpath: //div[text()=&apos;Last name&apos;]/following-sibling::div//input[contains(@name,&apos;GlobalPersonNameInputSet-LastName&apos;)]
Last Name =&gt; Actual = [Automation] valueEquals Expected = [Automation]
Found Element By : By.xpath: //div[contains(text(),&apos;Home Phone&apos;)]/following-sibling::div//input[contains(@name,&apos;HomePhone&apos;)]
Found Element By : By.xpath: //div[contains(text(),&apos;Home Phone&apos;)]/following-sibling::div//input[contains(@name,&apos;HomePhone&apos;)]
Element : By.xpath: //div[contains(text(),&apos;Home Phone&apos;)]/following-sibling::div//input[contains(@name,&apos;HomePhone&apos;)] command : [sendKeys] Value : [2015551002]
Found Element By : By.xpath: //div[contains(text(),&apos;Work Phone&apos;)]/following-sibling::div//input[contains(@name,&apos;Phone&apos;)]
Found Element By : By.xpath: //div[contains(text(),&apos;Work Phone&apos;)]/following-sibling::div//input[contains(@name,&apos;Phone&apos;)]
Element : By.xpath: //div[contains(text(),&apos;Work Phone&apos;)]/following-sibling::div//input[contains(@name,&apos;Phone&apos;)] command : [sendKeys] Value : [2015551003]
Found Element By : By.xpath: //div[contains(text(),&apos;Mobile Phone&apos;)]/following-sibling::div//input[contains(@name,&apos;CellPhone&apos;)]
Found Element By : By.xpath: //div[contains(text(),&apos;Mobile Phone&apos;)]/following-sibling::div//input[contains(@name,&apos;CellPhone&apos;)]
Element : By.xpath: //div[contains(text(),&apos;Mobile Phone&apos;)]/following-sibling::div//input[contains(@name,&apos;CellPhone&apos;)] command : [sendKeys] Value : [2015551004]
Found Element By : By.xpath: //div[contains(text(),&apos;Fax&apos;)]/following-sibling::div//input[contains(@name,&apos;FaxPhone&apos;)]
Found Element By : By.xpath: //div[contains(text(),&apos;Fax&apos;)]/following-sibling::div//input[contains(@name,&apos;FaxPhone&apos;)]
Element : By.xpath: //div[contains(text(),&apos;Fax&apos;)]/following-sibling::div//input[contains(@name,&apos;FaxPhone&apos;)] command : [sendKeys] Value : [2015551005]
Found Element By : By.xpath: //select[contains(@name,&apos;PrimaryPhone&apos;)]
Found Element By : By.xpath: //select[contains(@name,&apos;PrimaryPhone&apos;)]
Found Element By : By.xpath: .//option[normalize-space(.) = &quot;Work&quot;]
Element : By.xpath: //select[contains(@name,&apos;PrimaryPhone&apos;)] command : [selectByVisibleText] Value : [Work]
Found Element By : By.xpath: //input[contains(@name,&apos;EmailAddress1&apos;)]
Found Element By : By.xpath: //input[contains(@name,&apos;EmailAddress1&apos;)]
Element : By.xpath: //input[contains(@name,&apos;EmailAddress1&apos;)] command : [sendKeys] Value : [EjovVELQg.Automation@blackcombconsultants.com]
Found Element By : By.xpath: //input[contains(@name,&apos;EmailAddress2&apos;)]
Found Element By : By.xpath: //input[contains(@name,&apos;EmailAddress2&apos;)]
Found Element By : By.xpath: //div[contains(@class,&apos;gw-boldLabel&apos;) and text()=&apos;Address&apos;]
Found Element By : By.xpath: //div[contains(@class,&apos;gw-boldLabel&apos;) and text()=&apos;Address&apos;]
Found Element By : By.xpath: //div[contains(@class,&apos;gw-boldLabel&apos;) and text()=&apos;Address&apos;]
Found Element By : By.xpath: //div[contains(@class,&apos;gw-boldLabel&apos;) and text()=&apos;Address&apos;]
Address =&gt; Actual = [Address] equals Expected = [Address]
Found Element By : By.xpath: //select[contains(@name,&apos;GlobalAddressInputSet-Country&apos;)]
Found Element By : By.xpath: //select[contains(@name,&apos;GlobalAddressInputSet-Country&apos;)]
Found Element By : By.xpath: .//option[normalize-space(.) = &quot;United States&quot;]
Element : By.xpath: //select[contains(@name,&apos;GlobalAddressInputSet-Country&apos;)] command : [selectByVisibleText] Value : [United States]
Found Element By : By.xpath: //input[contains(@name,&apos;AddressLine1&apos;)]
Found Element By : By.xpath: //input[contains(@name,&apos;AddressLine1&apos;)]
Element : By.xpath: //input[contains(@name,&apos;AddressLine1&apos;)] command : [sendKeys] Value : [542  UNuyrRo Suites]
Found Element By : By.xpath: //input[contains(@name,&apos;AddressLine2&apos;)]
Found Element By : By.xpath: //input[contains(@name,&apos;AddressLine2&apos;)]
Element : By.xpath: //input[contains(@name,&apos;AddressLine2&apos;)] command : [sendKeys] Value : [South Avenue]
Found Element By : By.xpath: //input[contains(@name,&apos;AddressLine3&apos;)]
Found Element By : By.xpath: //input[contains(@name,&apos;AddressLine3&apos;)]
Element : By.xpath: //input[contains(@name,&apos;AddressLine3&apos;)] command : [sendKeys] Value : [DownTown]
Found Element By : By.xpath: //input[contains(@name,&apos;GlobalAddressInputSet-City&apos;)]
Found Element By : By.xpath: //input[contains(@name,&apos;GlobalAddressInputSet-City&apos;)]
Found Element By : By.xpath: //input[contains(@name,&apos;GlobalAddressInputSet-County&apos;)]
Found Element By : By.xpath: //input[contains(@name,&apos;GlobalAddressInputSet-County&apos;)]
Found Element By : By.xpath: //input[contains(@name,&apos;GlobalAddressInputSet-PostalCode&apos;)]
Found Element By : By.xpath: //input[contains(@name,&apos;GlobalAddressInputSet-PostalCode&apos;)]
Found Element By : By.xpath: //select[contains(@name,&apos;GlobalAddressInputSet-State&apos;)]
Found Element By : By.xpath: //select[contains(@name,&apos;GlobalAddressInputSet-State&apos;)]
Found Element By : By.xpath: .//option[normalize-space(.) = &quot;Alaska&quot;]
Element : By.xpath: //select[contains(@name,&apos;GlobalAddressInputSet-State&apos;)] command : [selectByVisibleText] Value : [Alaska]
Found Element By : By.xpath: //select[contains(@name,&apos;AddressType&apos;)]
Found Element By : By.xpath: //select[contains(@name,&apos;AddressType&apos;)]
Found Element By : By.xpath: .//option[normalize-space(.) = &quot;Home&quot;]
Element : By.xpath: //select[contains(@name,&apos;AddressType&apos;)] command : [selectByVisibleText] Value : [Home]
Found Element By : By.xpath: //input[contains(@name,&apos;AddressDescription&apos;)]
Found Element By : By.xpath: //input[contains(@name,&apos;AddressDescription&apos;)]
Element : By.xpath: //input[contains(@name,&apos;AddressDescription&apos;)] command : [sendKeys] Value : [EjovVELQg AutomationLikes to ]
Found Element By : By.xpath: //div[contains(@class,&apos;gw-boldLabel&apos;) and text()=&apos;Official IDs&apos;]
Found Element By : By.xpath: //div[contains(@class,&apos;gw-boldLabel&apos;) and text()=&apos;Official IDs&apos;]
Found Element By : By.xpath: //div[contains(@class,&apos;gw-boldLabel&apos;) and text()=&apos;Official IDs&apos;]
Found Element By : By.xpath: //div[contains(@class,&apos;gw-boldLabel&apos;) and text()=&apos;Official IDs&apos;]
Official IDs =&gt; Actual = [Official IDs] equals Expected = [Official IDs]
Found Element By : By.xpath: //input[contains(@name,&apos;OfficialIDDV_Input&apos;)]
Found Element By : By.xpath: //input[contains(@name,&apos;OfficialIDDV_Input&apos;)]
Element : By.xpath: //input[contains(@name,&apos;OfficialIDDV_Input&apos;)] command : [sendKeys] Value : [999-11-5450]
Found Element By : By.xpath: //input[contains(@name,&apos;Nickname&apos;)]
Found Element By : By.xpath: //input[contains(@name,&apos;Nickname&apos;)]
Element : By.xpath: //input[contains(@name,&apos;Nickname&apos;)] command : [sendKeys] Value : [EjovVELQg Automation]
Found Element By : By.xpath: //div[contains(@class,&apos;gw-boldLabel&apos;) and text()=&apos;Select Producer&apos;]
Found Element By : By.xpath: //div[contains(@class,&apos;gw-boldLabel&apos;) and text()=&apos;Select Producer&apos;]
Found Element By : By.xpath: //div[contains(@class,&apos;gw-boldLabel&apos;) and text()=&apos;Select Producer&apos;]
Found Element By : By.xpath: //div[contains(@class,&apos;gw-boldLabel&apos;) and text()=&apos;Select Producer&apos;]
Select Producer =&gt; Actual = [Select Producer] equals Expected = [Select Producer]
 executeQuery   strQuery = Select * from organizations WHERE PrimaryKey=&apos;AUT_PA_PC_NewSubmission_BindOption_IssuePolicy&apos;
Found Element By : By.xpath: //div[contains(@id,&apos;Producer-SelectOrganization&apos;)]
Found Element By : By.xpath: //div[contains(@id,&apos;Producer-SelectOrganization&apos;)]
Element : By.xpath: //div[contains(@id,&apos;Producer-SelectOrganization&apos;)] command : [click] Value : []
Found Element By : By.xpath: //div[contains(@class,&apos;gw-isScreenTitle&apos;)]//div[@class=&apos;gw-TitleBar--title&apos; and @role=&apos;heading&apos;  and text()=&apos;Organizations&apos;]
Found Element By : By.xpath: //div[contains(@class,&apos;gw-isScreenTitle&apos;)]//div[@class=&apos;gw-TitleBar--title&apos; and @role=&apos;heading&apos;  and text()=&apos;Organizations&apos;]
Found Element By : By.xpath: //div[contains(@class,&apos;gw-isScreenTitle&apos;)]//div[@class=&apos;gw-TitleBar--title&apos; and @role=&apos;heading&apos;  and text()=&apos;Organizations&apos;]
Found Element By : By.xpath: //div[contains(@class,&apos;gw-isScreenTitle&apos;)]//div[@class=&apos;gw-TitleBar--title&apos; and @role=&apos;heading&apos;  and text()=&apos;Organizations&apos;]
Organization Name =&gt; Actual = [Organizations] equals Expected = [Organizations]
Found Element By : By.xpath: //input[contains(@name,&apos;SearchDV-GlobalContactNameInputSet-Name&apos;)]
Found Element By : By.xpath: //input[contains(@name,&apos;SearchDV-GlobalContactNameInputSet-Name&apos;)]
Element : By.xpath: //input[contains(@name,&apos;SearchDV-GlobalContactNameInputSet-Name&apos;)] command : [sendKeys] Value : [ACV Property Insurance]
Found Element By : By.xpath: //select[contains(@name,&apos;SearchDV-Type&apos;)]
Found Element By : By.xpath: //select[contains(@name,&apos;SearchDV-Type&apos;)]
Found Element By : By.xpath: .//option[normalize-space(.) = &quot;Agency&quot;]
Element : By.xpath: //select[contains(@name,&apos;SearchDV-Type&apos;)] command : [selectByVisibleText] Value : [Agency]
Found Element By : By.xpath: //select[contains(@name,&apos;GlobalAddressInputSet-Country&apos;)]
Found Element By : By.xpath: //select[contains(@name,&apos;GlobalAddressInputSet-Country&apos;)]
Found Element By : By.xpath: .//option[normalize-space(.) = &quot;United States&quot;]
Element : By.xpath: //select[contains(@name,&apos;GlobalAddressInputSet-Country&apos;)] command : [selectByVisibleText] Value : [United States]
Found Element By : By.xpath: //select[contains(@name,&apos;SearchDV-Tier&apos;)]
Found Element By : By.xpath: //select[contains(@name,&apos;SearchDV-Tier&apos;)]
Found Element By : By.xpath: //input[contains(@name,&apos;SearchDV-ProducerCode&apos;)]
Found Element By : By.xpath: //input[contains(@name,&apos;SearchDV-ProducerCode&apos;)]
Element : By.xpath: //input[contains(@name,&apos;SearchDV-ProducerCode&apos;)] command : [sendKeys] Value : [301-008578]
Found Element By : By.xpath: //input[contains(@name,&apos;SearchDV-PolicyNumber&apos;)]
Found Element By : By.xpath: //input[contains(@name,&apos;SearchDV-PolicyNumber&apos;)]
Found Element By : By.xpath: //input[contains(@name,&apos;SearchDV-AccountNumber&apos;)]
Found Element By : By.xpath: //input[contains(@name,&apos;SearchDV-AccountNumber&apos;)]
Found Element By : By.xpath: //div[contains(@id,&apos;SearchLinksInputSet-Search&apos;)]
Found Element By : By.xpath: //div[contains(@id,&apos;SearchLinksInputSet-Search&apos;)]
Element : By.xpath: //div[contains(@id,&apos;SearchLinksInputSet-Search&apos;)] command : [click] Value : [click]
Found Element By : By.xpath: //div[contains(@id,&apos;SearchLinksInputSet-Reset&apos;)]
Found Element By : By.xpath: //div[contains(@id,&apos;SearchLinksInputSet-Reset&apos;)]
 executeQuery   strQuery = Select * from organizations WHERE PrimaryKey=&apos;AUT_PA_PC_NewSubmission_BindOption_IssuePolicy&apos;
Found Element By : By.xpath: //div[contains(@id,&apos;SearchResultsLV-0&apos;)]/div[@role=&apos;button&apos;]
Found Element By : By.xpath: //div[contains(@id,&apos;SearchResultsLV-0&apos;)]/div[@role=&apos;button&apos;]
Found Element By : By.xpath: //div[contains(@id,&apos;SearchResultsLV-0&apos;)]/div[@role=&apos;button&apos;]
Found Element By : By.xpath: //div[contains(@id,&apos;SearchResultsLV-0&apos;)]/div[@role=&apos;button&apos;]
Element : By.xpath: //div[contains(@id,&apos;SearchResultsLV-0&apos;)]/div[@role=&apos;button&apos;] command : [click] Value : [click]
Found Element By : By.xpath: //div[contains(@id,&apos;Update&apos;)]
Found Element By : By.xpath: //div[contains(@id,&apos;Update&apos;)]
Found Element By : By.xpath: //div[contains(@id,&apos;Update&apos;)]
Found Element By : By.xpath: //div[contains(@id,&apos;Update&apos;)]
Element : By.xpath: //div[contains(@id,&apos;Update&apos;)] command : [click] Value : []
Found Element By : By.xpath: //div[contains(@id,&apos;AccountFile_Summary-ttlBar&apos;)]//div[contains(text(),&apos;Account Summary&apos;)]
Found Element By : By.xpath: //div[contains(@id,&apos;AccountFile_Summary-ttlBar&apos;)]//div[contains(text(),&apos;Account Summary&apos;)]
Found Element By : By.xpath: //div[contains(@id,&apos;AccountFile_Summary-ttlBar&apos;)]//div[contains(text(),&apos;Account Summary&apos;)]
Account Summary =&gt; Actual = [Account Summary: EjovVELQg Automation (EjovVELQg Automation)] contains Expected = [EjovVELQg Automation]
 executeQuery   strQuery = Select * from accountSummary WHERE PrimaryKey=&apos;AUT_PA_PC_NewSubmission_BindOption_IssuePolicy&apos;
Found Element By : By.xpath: //div[contains(@class,&apos;gw-isScreenTitle&apos;)]//div[@class=&apos;gw-TitleBar--title&apos; and @role=&apos;heading&apos;]
Found Element By : By.xpath: //div[contains(@class,&apos;gw-isScreenTitle&apos;)]//div[@class=&apos;gw-TitleBar--title&apos; and @role=&apos;heading&apos;]
Found Element By : By.xpath: //div[contains(@class,&apos;gw-isScreenTitle&apos;)]//div[@class=&apos;gw-TitleBar--title&apos; and @role=&apos;heading&apos;]
Screen Header =&gt; Actual = [Account Summary: EjovVELQg Automation (EjovVELQg Automation)] contains Expected = [Account Summary]
Found Element By : By.xpath: //div[@class=&apos;gw-TitleSection&apos;]/div[@role=&apos;heading&apos;]/span[text()=&apos;Details&apos;]
Found Element By : By.xpath: //div[@class=&apos;gw-TitleSection&apos;]/div[@role=&apos;heading&apos;]/span[text()=&apos;Details&apos;]
Found Element By : By.xpath: //div[@class=&apos;gw-TitleSection&apos;]/div[@role=&apos;heading&apos;]/span[text()=&apos;Details&apos;]
Found Element By : By.xpath: //div[@class=&apos;gw-TitleSection&apos;]/div[@role=&apos;heading&apos;]/span[text()=&apos;Details&apos;]
Details =&gt; Actual = [Details] equals Expected = [Details]
Found Element By : By.xpath: //div[contains(@id,&apos;AccountDetailsDetailViewTile_DV-AccountNumber&apos;)]//div[@class=&apos;gw-value-readonly-wrapper&apos;]
Found Element By : By.xpath: //div[contains(@id,&apos;AccountDetailsDetailViewTile_DV-AccountNumber&apos;)]//div[@class=&apos;gw-value-readonly-wrapper&apos;]
Found Element By : By.xpath: //div[contains(@id,&apos;AccountDetailsDetailViewTile_DV-AccountNumber&apos;)]//div[@class=&apos;gw-value-readonly-wrapper&apos;]
Found Element By : By.xpath: //div[contains(@id,&apos;AccountHolder_button&apos;)]
Found Element By : By.xpath: //div[contains(@id,&apos;AccountHolder_button&apos;)]
Found Element By : By.xpath: //div[contains(@id,&apos;AccountHolder_button&apos;)]
Found Element By : By.xpath: //div[contains(@id,&apos;AccountDetailsDetailViewTile_DV-AccountNumber&apos;)]//div[@class=&apos;gw-value-readonly-wrapper&apos;]
Found Element By : By.xpath: //div[contains(@id,&apos;AccountDetailsDetailViewTile_DV-AccountNumber&apos;)]//div[@class=&apos;gw-value-readonly-wrapper&apos;]
Found Element By : By.xpath: //div[contains(@id,&apos;AccountDetailsDetailViewTile_DV-AccountNumber&apos;)]//div[@class=&apos;gw-value-readonly-wrapper&apos;]
Found Element By : By.xpath: //div[contains(@id,&apos;AccountDetailsDetailViewTile_DV-AccountNumber&apos;)]//div[@class=&apos;gw-value-readonly-wrapper&apos;]
AccountNo =&gt; Actual = [7209598248] equals Expected = [7209598248]
Found Element By : By.xpath: //div[contains(@id,&apos;AccountHolder_button&apos;)]
Found Element By : By.xpath: //div[contains(@id,&apos;AccountHolder_button&apos;)]
Found Element By : By.xpath: //div[contains(@id,&apos;AccountHolder_button&apos;)]
Found Element By : By.xpath: //div[contains(@id,&apos;AccountHolder_button&apos;)]
AccountHolder =&gt; Actual = [EjovVELQg Automation] equals Expected = [EjovVELQg Automation]
Found Element By : By.xpath: //div[contains(@id,&apos;AccountDetailsDetailViewTile_DV-AddressDescription&apos;)]//div[@class=&apos;gw-value-readonly-wrapper&apos;]
Found Element By : By.xpath: //div[contains(@id,&apos;AccountDetailsDetailViewTile_DV-AddressDescription&apos;)]//div[@class=&apos;gw-value-readonly-wrapper&apos;]
Found Element By : By.xpath: //div[contains(@id,&apos;AccountDetailsDetailViewTile_DV-AddressDescription&apos;)]//div[@class=&apos;gw-value-readonly-wrapper&apos;]
Description =&gt; Actual = [EjovVELQg AutomationLikes to] contains Expected = [EjovVELQg Automation]
Found Element By : By.xpath: //div[contains(@id,&apos;AccountDetailsDetailViewTile_DV-AccountStatus&apos;)]//div[@class=&apos;gw-value-readonly-wrapper&apos;]
Found Element By : By.xpath: //div[contains(@id,&apos;AccountDetailsDetailViewTile_DV-AccountStatus&apos;)]//div[@class=&apos;gw-value-readonly-wrapper&apos;]
Found Element By : By.xpath: //div[contains(@id,&apos;AccountDetailsDetailViewTile_DV-AccountStatus&apos;)]//div[@class=&apos;gw-value-readonly-wrapper&apos;]
Found Element By : By.xpath: //div[contains(@id,&apos;AccountDetailsDetailViewTile_DV-AccountStatus&apos;)]//div[@class=&apos;gw-value-readonly-wrapper&apos;]
Status =&gt; Actual = [Pending] equals Expected = [Pending]
Found Element By : By.xpath: //div[contains(@id,&apos;MenuActions&apos;)]/div[@role=&apos;button&apos;]/div[2]
Found Element By : By.xpath: //div[contains(@id,&apos;MenuActions&apos;)]/div[@role=&apos;button&apos;]/div[2]
Element : By.xpath: //div[contains(@id,&apos;MenuActions&apos;)]/div[@role=&apos;button&apos;]/div[2] command : [click] Value : []
Found Element By : By.xpath: //div[contains(@id,&apos;AccountFileMenuActions_NewSubmission&apos;)]//div[@role=&apos;menuitem&apos;]
Found Element By : By.xpath: //div[contains(@id,&apos;AccountFileMenuActions_NewSubmission&apos;)]//div[@role=&apos;menuitem&apos;]
Element : By.xpath: //div[contains(@id,&apos;AccountFileMenuActions_NewSubmission&apos;)]//div[@role=&apos;menuitem&apos;] command : [click] Value : []
 executeQuery   strQuery = Select * from newSubmissions WHERE PrimaryKey=&apos;AUT_PA_PC_NewSubmission_BindOption_IssuePolicy&apos;
Found Element By : By.xpath: //div[contains(@class,&apos;gw-boldLabel&apos;) and text()=&apos;Select Producer&apos;]
Found Element By : By.xpath: //div[contains(@class,&apos;gw-boldLabel&apos;) and text()=&apos;Select Producer&apos;]
Found Element By : By.xpath: //div[contains(@class,&apos;gw-boldLabel&apos;) and text()=&apos;Select Producer&apos;]
Found Element By : By.xpath: //div[contains(@class,&apos;gw-boldLabel&apos;) and text()=&apos;Select Producer&apos;]
Select Producer =&gt; Actual = [Select Producer] equals Expected = [Select Producer]
Found Element By : By.xpath: //input[contains(@name,&apos;Producer&apos;)]
Found Element By : By.xpath: //input[contains(@name,&apos;Producer&apos;)]
Found Element By : By.xpath: //input[contains(@name,&apos;Producer&apos;)]
Organization =&gt; Actual = [ACV Property Insurance] valueEquals Expected = [ACV Property Insurance]
Found Element By : By.xpath: //select[contains(@name,&apos;ProducerCode&apos;)]
Found Element By : By.xpath: //select[contains(@name,&apos;ProducerCode&apos;)]
Found Element By : By.xpath: //select[contains(@name,&apos;ProducerCode&apos;)]
Found Element By : By.tagName: option
Producer Code =&gt; Actual = [301-008578 ACV Property Insurance] FirstSelectedOptionEquals Expected = [301-008578 ACV Property Insurance]
Found Element By : By.xpath: //select[contains(@name,&apos;ProductSettingsDV-QuoteType&apos;)]
Found Element By : By.xpath: //select[contains(@name,&apos;ProductSettingsDV-QuoteType&apos;)]
Found Element By : By.xpath: //select[contains(@name,&apos;ProductSettingsDV-QuoteType&apos;)]
Found Element By : By.tagName: option
Quote Type =&gt; Actual = [Full Application] FirstSelectedOptionEquals Expected = [Full Application]
Found Element By : By.xpath: //select[contains(@name,&apos;ProductSettingsDV-DefaultBaseState&apos;)]
Found Element By : By.xpath: //select[contains(@name,&apos;ProductSettingsDV-DefaultBaseState&apos;)]
Found Element By : By.xpath: //select[contains(@name,&apos;ProductSettingsDV-DefaultBaseState&apos;)]
Found Element By : By.tagName: option
Default Base State =&gt; Actual = [Alaska] FirstSelectedOptionEquals Expected = [Alaska]
Found Element By : By.xpath: //input[contains(@name,&apos;DefaultPPEffDate&apos;)]
Found Element By : By.xpath: //input[contains(@name,&apos;DefaultPPEffDate&apos;)]
Found Element By : By.xpath: //input[contains(@name,&apos;DefaultPPEffDate&apos;)]
Default Effective Date =&gt; Actual = [06/07/2021] valueEquals Expected = [06/07/2021]
Found Element By : By.xpath: //div[text()=&apos;Personal Auto&apos;]/ancestor::td[contains(@id,&apos;Name_Cell&apos;)]/preceding-sibling::td//div[contains(@id,&apos;ProductSelection&apos;) and text()=&apos;Select&apos;]
Found Element By : By.xpath: //div[text()=&apos;Personal Auto&apos;]/ancestor::td[contains(@id,&apos;Name_Cell&apos;)]/preceding-sibling::td//div[contains(@id,&apos;ProductSelection&apos;) and text()=&apos;Select&apos;]
Element : By.xpath: //div[text()=&apos;Personal Auto&apos;]/ancestor::td[contains(@id,&apos;Name_Cell&apos;)]/preceding-sibling::td//div[contains(@id,&apos;ProductSelection&apos;) and text()=&apos;Select&apos;] command : [click] Value : []
Found Element By : By.xpath: //div[contains(@id,&apos;InfoBar-AccountName&apos;)]//div[@class=&apos;gw-label gw-infoValue&apos;]
Found Element By : By.xpath: //div[contains(@id,&apos;InfoBar-AccountName&apos;)]//div[@class=&apos;gw-label gw-infoValue&apos;]
Found Element By : By.xpath: //div[contains(@id,&apos;InfoBar-AccountName&apos;)]//div[@class=&apos;gw-label gw-infoValue&apos;]
UPDATE searchValues SET AccountName=&apos;EjovVELQg Automation&apos; WHERE PrimaryKey=&apos;AUT_PA_PC_NewSubmission_BindOption_IssuePolicy&apos;
1 row(s) affected
Found Element By : By.xpath: //div[contains(@id,&apos;InfoBar-AccountNumber&apos;)]//div[@class=&apos;gw-label gw-infoValue&apos;]
Found Element By : By.xpath: //div[contains(@id,&apos;InfoBar-AccountNumber&apos;)]//div[@class=&apos;gw-label gw-infoValue&apos;]
Found Element By : By.xpath: //div[contains(@id,&apos;InfoBar-AccountNumber&apos;)]//div[@class=&apos;gw-label gw-infoValue&apos;]
UPDATE searchValues SET AccountNumber=&apos;7209598248&apos; WHERE PrimaryKey=&apos;AUT_PA_PC_NewSubmission_BindOption_IssuePolicy&apos;
1 row(s) affected
Found Element By : By.xpath: //div[@id=&apos;gw-west-center&apos;]//div[@class=&apos;gw-Wizard--Title&apos; and contains(text(),&apos;Submission &apos;)]
Found Element By : By.xpath: //div[@id=&apos;gw-west-center&apos;]//div[@class=&apos;gw-Wizard--Title&apos; and contains(text(),&apos;Submission &apos;)]
Found Element By : By.xpath: //div[@id=&apos;gw-west-center&apos;]//div[@class=&apos;gw-Wizard--Title&apos; and contains(text(),&apos;Submission &apos;)]
UPDATE searchValues SET SubmissionNumber=&apos;0182144041&apos; WHERE PrimaryKey=&apos;AUT_PA_PC_NewSubmission_BindOption_IssuePolicy&apos;
1 row(s) affected
 executeQuery   strQuery = Select * from offering WHERE PrimaryKey=&apos;AUT_PA_PC_NewSubmission_BindOption_IssuePolicy&apos;
Found Element By : By.xpath: //div[contains(@class,&apos;gw-isScreenTitle&apos;)]//div[@class=&apos;gw-TitleBar--title&apos; and @role=&apos;heading&apos; and text()=&apos;Offerings&apos;]
Found Element By : By.xpath: //div[contains(@class,&apos;gw-isScreenTitle&apos;)]//div[@class=&apos;gw-TitleBar--title&apos; and @role=&apos;heading&apos; and text()=&apos;Offerings&apos;]
Found Element By : By.xpath: //div[contains(@class,&apos;gw-isScreenTitle&apos;)]//div[@class=&apos;gw-TitleBar--title&apos; and @role=&apos;heading&apos; and text()=&apos;Offerings&apos;]
Found Element By : By.xpath: //div[contains(@class,&apos;gw-isScreenTitle&apos;)]//div[@class=&apos;gw-TitleBar--title&apos; and @role=&apos;heading&apos; and text()=&apos;Offerings&apos;]
Screen Header =&gt; Actual = [Offerings] equals Expected = [Offerings]
Found Element By : By.xpath: //select[contains(@name,&apos;OfferingScreen-OfferingSelection&apos;)]
Found Element By : By.xpath: //select[contains(@name,&apos;OfferingScreen-OfferingSelection&apos;)]
Found Element By : By.xpath: .//option[normalize-space(.) = &quot;Standard Program&quot;]
Element : By.xpath: //select[contains(@name,&apos;OfferingScreen-OfferingSelection&apos;)] command : [selectByVisibleText] Value : [Standard Program]
Found Element By : By.xpath: //div[@id=&apos;gw-center-title-toolbar&apos;]//div[contains(@class,&apos;gw-ToolbarButtonWidget&apos;)]/div[@role=&apos;button&apos;]//div[@class=&apos;gw-label&apos; and text()=&apos;Next&apos;]
Found Element By : By.xpath: //div[@id=&apos;gw-center-title-toolbar&apos;]//div[contains(@class,&apos;gw-ToolbarButtonWidget&apos;)]/div[@role=&apos;button&apos;]//div[@class=&apos;gw-label&apos; and text()=&apos;Next&apos;]
Element : By.xpath: //div[@id=&apos;gw-center-title-toolbar&apos;]//div[contains(@class,&apos;gw-ToolbarButtonWidget&apos;)]/div[@role=&apos;button&apos;]//div[@class=&apos;gw-label&apos; and text()=&apos;Next&apos;] command : [clickAndwait] Value : []
 executeQuery   strQuery = Select * from qualification WHERE PrimaryKey=&apos;AUT_PA_PC_NewSubmission_BindOption_IssuePolicy&apos;
Found Element By : By.xpath: //div[contains(@class,&apos;gw-isScreenTitle&apos;)]//div[@class=&apos;gw-TitleBar--title&apos; and @role=&apos;heading&apos; and text()=&apos;Qualification&apos;]
Found Element By : By.xpath: //div[contains(@class,&apos;gw-isScreenTitle&apos;)]//div[@class=&apos;gw-TitleBar--title&apos; and @role=&apos;heading&apos; and text()=&apos;Qualification&apos;]
Found Element By : By.xpath: //div[contains(@class,&apos;gw-isScreenTitle&apos;)]//div[@class=&apos;gw-TitleBar--title&apos; and @role=&apos;heading&apos; and text()=&apos;Qualification&apos;]
Found Element By : By.xpath: //div[contains(@class,&apos;gw-isScreenTitle&apos;)]//div[@class=&apos;gw-TitleBar--title&apos; and @role=&apos;heading&apos; and text()=&apos;Qualification&apos;]
Screen Header =&gt; Actual = [Qualification] equals Expected = [Qualification]
Found Element By : By.xpath: //div[contains(@class,&apos;gw-boldLabel&apos;) and text()=&apos;PA Pre-Qualification&apos;]
Found Element By : By.xpath: //div[contains(@class,&apos;gw-boldLabel&apos;) and text()=&apos;PA Pre-Qualification&apos;]
Found Element By : By.xpath: //div[contains(@class,&apos;gw-boldLabel&apos;) and text()=&apos;PA Pre-Qualification&apos;]
Found Element By : By.xpath: //div[contains(@class,&apos;gw-boldLabel&apos;) and text()=&apos;PA Pre-Qualification&apos;]
PA Pre-Qualification =&gt; Actual = [PA Pre-Qualification] equals Expected = [PA Pre-Qualification]
Found Element By : By.xpath: //select[contains(@name,&apos;QuestionSetLV-0-QuestionModalInput-ChoiceSelectInput_NoPost&apos;)]
Found Element By : By.xpath: //select[contains(@name,&apos;QuestionSetLV-0-QuestionModalInput-ChoiceSelectInput_NoPost&apos;)]
Found Element By : By.xpath: .//option[normalize-space(.) = &quot;No - New Driver&quot;]
Element : By.xpath: //select[contains(@name,&apos;QuestionSetLV-0-QuestionModalInput-ChoiceSelectInput_NoPost&apos;)] command : [selectByVisibleText] Value : [No - New Driver]
Found Element By : By.xpath: //input[contains(@id,&apos;QuestionSetLV-1-QuestionModalInput-BooleanRadioInput_NoPost_1&apos;)]
Found Element By : By.xpath: //input[contains(@id,&apos;QuestionSetLV-1-QuestionModalInput-BooleanRadioInput_NoPost_1&apos;)]
Element : By.xpath: //input[contains(@id,&apos;QuestionSetLV-1-QuestionModalInput-BooleanRadioInput_NoPost_1&apos;)] command : [click] Value : [No]
Found Element By : By.xpath: //input[contains(@id,&apos;QuestionSetLV-2-QuestionModalInput-BooleanRadioInput_NoPost_1&apos;)]
Found Element By : By.xpath: //input[contains(@id,&apos;QuestionSetLV-2-QuestionModalInput-BooleanRadioInput_NoPost_1&apos;)]
Element : By.xpath: //input[contains(@id,&apos;QuestionSetLV-2-QuestionModalInput-BooleanRadioInput_NoPost_1&apos;)] command : [click] Value : [No]
Found Element By : By.xpath: //input[contains(@id,&apos;QuestionSetLV-3-QuestionModalInput-BooleanRadioInput_1&apos;)]
Found Element By : By.xpath: //input[contains(@id,&apos;QuestionSetLV-3-QuestionModalInput-BooleanRadioInput_1&apos;)]
Element : By.xpath: //input[contains(@id,&apos;QuestionSetLV-3-QuestionModalInput-BooleanRadioInput_1&apos;)] command : [click] Value : [No]
Found Element By : By.xpath: //input[contains(@id,&apos;QuestionSetLV-4-QuestionModalInput-BooleanRadioInput_NoPost_1&apos;)]
Found Element By : By.xpath: //input[contains(@id,&apos;QuestionSetLV-4-QuestionModalInput-BooleanRadioInput_NoPost_1&apos;)]
Element : By.xpath: //input[contains(@id,&apos;QuestionSetLV-4-QuestionModalInput-BooleanRadioInput_NoPost_1&apos;)] command : [click] Value : [No]
Found Element By : By.xpath: //div[@id=&apos;gw-center-title-toolbar&apos;]//div[contains(@class,&apos;gw-ToolbarButtonWidget&apos;)]/div[@role=&apos;button&apos;]//div[@class=&apos;gw-label&apos; and text()=&apos;Next&apos;]
Found Element By : By.xpath: //div[@id=&apos;gw-center-title-toolbar&apos;]//div[contains(@class,&apos;gw-ToolbarButtonWidget&apos;)]/div[@role=&apos;button&apos;]//div[@class=&apos;gw-label&apos; and text()=&apos;Next&apos;]
Element : By.xpath: //div[@id=&apos;gw-center-title-toolbar&apos;]//div[contains(@class,&apos;gw-ToolbarButtonWidget&apos;)]/div[@role=&apos;button&apos;]//div[@class=&apos;gw-label&apos; and text()=&apos;Next&apos;] command : [clickAndwait] Value : []
 executeQuery   strQuery = Select * from policyInfo WHERE PrimaryKey=&apos;AUT_PA_PC_NewSubmission_BindOption_IssuePolicy&apos;
Found Element By : By.xpath: //div[contains(@class,&apos;gw-isScreenTitle&apos;)]//div[@class=&apos;gw-TitleBar--title&apos; and @role=&apos;heading&apos;]
Found Element By : By.xpath: //div[contains(@class,&apos;gw-isScreenTitle&apos;)]//div[@class=&apos;gw-TitleBar--title&apos; and @role=&apos;heading&apos;]
Found Element By : By.xpath: //div[contains(@class,&apos;gw-isScreenTitle&apos;)]//div[@class=&apos;gw-TitleBar--title&apos; and @role=&apos;heading&apos;]
Found Element By : By.xpath: //div[contains(@class,&apos;gw-isScreenTitle&apos;)]//div[@class=&apos;gw-TitleBar--title&apos; and @role=&apos;heading&apos;]
Screen Header =&gt; Actual = [Policy Info] equals Expected = [Policy Info]
Found Element By : By.xpath: //input[contains(@name,&apos;DateQuoteNeeded&apos;)]
Found Element By : By.xpath: //input[contains(@name,&apos;DateQuoteNeeded&apos;)]
Element : By.xpath: //input[contains(@name,&apos;DateQuoteNeeded&apos;)] command : [sendKeys] Value : [06/07/2021]
 executeQuery   strQuery = Select * from policyInfo WHERE PrimaryKey=&apos;AUT_PA_PC_NewSubmission_BindOption_IssuePolicy&apos;
Found Element By : By.xpath: //div[contains(@class,&apos;gw-isScreenTitle&apos;)]//div[@class=&apos;gw-TitleBar--title&apos; and @role=&apos;heading&apos;]
Found Element By : By.xpath: //div[contains(@class,&apos;gw-isScreenTitle&apos;)]//div[@class=&apos;gw-TitleBar--title&apos; and @role=&apos;heading&apos;]
Found Element By : By.xpath: //div[contains(@class,&apos;gw-isScreenTitle&apos;)]//div[@class=&apos;gw-TitleBar--title&apos; and @role=&apos;heading&apos;]
Found Element By : By.xpath: //div[contains(@class,&apos;gw-isScreenTitle&apos;)]//div[@class=&apos;gw-TitleBar--title&apos; and @role=&apos;heading&apos;]
Screen Header =&gt; Actual = [Policy Info] equals Expected = [Policy Info]
Found Element By : By.xpath: //div[contains(@id,&apos;AccountInfoInputSet-Name&apos;)]//div[contains(@id,&apos;AccountInfoInputSet-Name_button&apos;)]
Found Element By : By.xpath: //div[contains(@id,&apos;AccountInfoInputSet-Name&apos;)]//div[contains(@id,&apos;AccountInfoInputSet-Name_button&apos;)]
Found Element By : By.xpath: //div[contains(@id,&apos;AccountInfoInputSet-Name&apos;)]//div[contains(@id,&apos;AccountInfoInputSet-Name_button&apos;)]
Found Element By : By.xpath: //div[contains(@id,&apos;AccountInfoInputSet-Name&apos;)]//div[contains(@id,&apos;AccountInfoInputSet-Name_button&apos;)]
Name =&gt; Actual = [EjovVELQg Automation] equals Expected = [EjovVELQg Automation]
Found Element By : By.xpath: //div[contains(@id,&apos;AccountInfoInputSet-Phone-GlobalPhoneInputSet-PhoneDisplay&apos;)]//div[contains(@class,&apos;gw-value-readonly-wrapper&apos;)]
Found Element By : By.xpath: //div[contains(@id,&apos;AccountInfoInputSet-Phone-GlobalPhoneInputSet-PhoneDisplay&apos;)]//div[contains(@class,&apos;gw-value-readonly-wrapper&apos;)]
Found Element By : By.xpath: //div[contains(@id,&apos;AccountInfoInputSet-Phone-GlobalPhoneInputSet-PhoneDisplay&apos;)]//div[contains(@class,&apos;gw-value-readonly-wrapper&apos;)]
Found Element By : By.xpath: //div[contains(@id,&apos;AccountInfoInputSet-Phone-GlobalPhoneInputSet-PhoneDisplay&apos;)]//div[contains(@class,&apos;gw-value-readonly-wrapper&apos;)]
Phone =&gt; Actual = [201-555-1003] equals Expected = [201-555-1003]
Found Element By : By.xpath: //div[contains(@id,&apos;GlobalAddressInputSet-AddressSummary&apos;)]//div[contains(@class,&apos;gw-value-readonly-wrapper&apos;)]
Found Element By : By.xpath: //div[contains(@id,&apos;GlobalAddressInputSet-AddressSummary&apos;)]//div[contains(@class,&apos;gw-value-readonly-wrapper&apos;)]
Found Element By : By.xpath: //div[contains(@id,&apos;GlobalAddressInputSet-AddressSummary&apos;)]//div[contains(@class,&apos;gw-value-readonly-wrapper&apos;)]
Policy Address =&gt; Actual = [542 UNuyrRo Suites
South Avenue
DownTown
Anchorage, AK 99501] contains Expected = [Suites
South Avenue
DownTown
Anchorage, AK 99501]
Found Element By : By.xpath: //div[contains(@id,&apos;GlobalAddressInputSet-County&apos;)]//div[contains(@class,&apos;gw-value-readonly-wrapper&apos;)]
Found Element By : By.xpath: //div[contains(@id,&apos;GlobalAddressInputSet-County&apos;)]//div[contains(@class,&apos;gw-value-readonly-wrapper&apos;)]
Found Element By : By.xpath: //div[contains(@id,&apos;GlobalAddressInputSet-County&apos;)]//div[contains(@class,&apos;gw-value-readonly-wrapper&apos;)]
Found Element By : By.xpath: //div[contains(@id,&apos;GlobalAddressInputSet-County&apos;)]//div[contains(@class,&apos;gw-value-readonly-wrapper&apos;)]
County =&gt; Actual = [Anchorage] equals Expected = [Anchorage]
Found Element By : By.xpath: //div[contains(@id,&apos;AddressType&apos;) and contains(@class,&apos;gw-ValueWidget&apos;)]//div[contains(@class,&apos;gw-label&apos;)]
Found Element By : By.xpath: //div[contains(@id,&apos;AddressType&apos;) and contains(@class,&apos;gw-ValueWidget&apos;)]//div[contains(@class,&apos;gw-label&apos;)]
Found Element By : By.xpath: //div[contains(@id,&apos;AddressType&apos;) and contains(@class,&apos;gw-ValueWidget&apos;)]//div[contains(@class,&apos;gw-label&apos;)]
Found Element By : By.xpath: //div[contains(@id,&apos;AddressType&apos;) and contains(@class,&apos;gw-ValueWidget&apos;)]//div[contains(@class,&apos;gw-label&apos;)]
Address Type =&gt; Actual = [Home] equals Expected = [Home]
 executeQuery   strQuery = Select * from policyInfo WHERE PrimaryKey=&apos;AUT_PA_PC_NewSubmission_BindOption_IssuePolicy&apos;
Found Element By : By.xpath: //div[contains(@class,&apos;gw-LabelWidget&apos;)]/div[contains(@class,&apos;gw-label&apos;) and text()=&apos;Official IDs&apos;]
Found Element By : By.xpath: //div[contains(@class,&apos;gw-LabelWidget&apos;)]/div[contains(@class,&apos;gw-label&apos;) and text()=&apos;Official IDs&apos;]
Found Element By : By.xpath: //div[contains(@class,&apos;gw-LabelWidget&apos;)]/div[contains(@class,&apos;gw-label&apos;) and text()=&apos;Official IDs&apos;]
Found Element By : By.xpath: //div[contains(@class,&apos;gw-LabelWidget&apos;)]/div[contains(@class,&apos;gw-label&apos;) and text()=&apos;Official IDs&apos;]
Official IDs =&gt; Actual = [Official IDs] equals Expected = [Official IDs]
 executeQuery   strQuery = Select * from policyInfo WHERE PrimaryKey=&apos;AUT_PA_PC_NewSubmission_BindOption_IssuePolicy&apos;
Found Element By : By.xpath: //div[contains(@class,&apos;gw-boldLabel&apos;) and text()=&apos;Policy Details&apos;]
Found Element By : By.xpath: //div[contains(@class,&apos;gw-boldLabel&apos;) and text()=&apos;Policy Details&apos;]
Found Element By : By.xpath: //div[contains(@class,&apos;gw-boldLabel&apos;) and text()=&apos;Policy Details&apos;]
Found Element By : By.xpath: //div[contains(@class,&apos;gw-boldLabel&apos;) and text()=&apos;Policy Details&apos;]
Policy Details =&gt; Actual = [Policy Details] equals Expected = [Policy Details]
Found Element By : By.xpath: //select[contains(@name,&apos;PolicyInfoInputSet-TermType&apos;)]
Found Element By : By.xpath: //select[contains(@name,&apos;PolicyInfoInputSet-TermType&apos;)]
Found Element By : By.xpath: .//option[normalize-space(.) = &quot;6 months&quot;]
Element : By.xpath: //select[contains(@name,&apos;PolicyInfoInputSet-TermType&apos;)] command : [selectByVisibleTextAndwait] Value : [6 months]
Found Element By : By.xpath: //input[contains(@name,&apos;PolicyInfoInputSet-EffectiveDate&apos;)]
Found Element By : By.xpath: //input[contains(@name,&apos;PolicyInfoInputSet-EffectiveDate&apos;)]
Element : By.xpath: //input[contains(@name,&apos;PolicyInfoInputSet-EffectiveDate&apos;)] command : [clearsendKeysRobotTAB] Value : [06/07/2021]
Found Element By : By.xpath: //div[contains(@id,&apos;PolicyInfoInputSet-ExpirationDate&apos;)]//div[contains(@class,&apos;gw-value-readonly-wrapper&apos;)]
Found Element By : By.xpath: //div[contains(@id,&apos;PolicyInfoInputSet-ExpirationDate&apos;)]//div[contains(@class,&apos;gw-value-readonly-wrapper&apos;)]
Found Element By : By.xpath: //div[contains(@id,&apos;PolicyInfoInputSet-ExpirationDate&apos;)]//div[contains(@class,&apos;gw-value-readonly-wrapper&apos;)]
Found Element By : By.xpath: //div[contains(@id,&apos;PolicyInfoInputSet-ExpirationDate&apos;)]//div[contains(@class,&apos;gw-value-readonly-wrapper&apos;)]
Expiration Date =&gt; Actual = [12/07/2021] equals Expected = [12/07/2021]
Found Element By : By.xpath: //input[contains(@name,&apos;PolicyInfoInputSet-WrittenDate&apos;)]
Found Element By : By.xpath: //input[contains(@name,&apos;PolicyInfoInputSet-WrittenDate&apos;)]
Element : By.xpath: //input[contains(@name,&apos;PolicyInfoInputSet-WrittenDate&apos;)] command : [clearANDsendKeys] Value : [06/07/2021]
Found Element By : By.xpath: //select[contains(@name,&apos;PolicyInfoInputSet-PrimaryLanguage&apos;)]
Found Element By : By.xpath: //select[contains(@name,&apos;PolicyInfoInputSet-PrimaryLanguage&apos;)]
Found Element By : By.xpath: .//option[normalize-space(.) = &quot;Edge English (US)&quot;]
Element : By.xpath: //select[contains(@name,&apos;PolicyInfoInputSet-PrimaryLanguage&apos;)] command : [selectByVisibleText] Value : [Edge English (US)]
 executeQuery   strQuery = Select * from policyInfo WHERE PrimaryKey=&apos;AUT_PA_PC_NewSubmission_BindOption_IssuePolicy&apos;
Found Element By : By.xpath: //div[contains(@class,&apos;gw-boldLabel&apos;) and text()=&apos;Affinity Group&apos;]
Found Element By : By.xpath: //div[contains(@class,&apos;gw-boldLabel&apos;) and text()=&apos;Affinity Group&apos;]
Found Element By : By.xpath: //div[contains(@class,&apos;gw-boldLabel&apos;) and text()=&apos;Affinity Group&apos;]
Found Element By : By.xpath: //div[contains(@class,&apos;gw-boldLabel&apos;) and text()=&apos;Affinity Group&apos;]
Affinity Group =&gt; Actual = [Affinity Group] equals Expected = [Affinity Group]
Found Element By : By.xpath: //input[contains(@name,&apos;PolicyInfoInputSet-AffinityGroup&apos;)]
Found Element By : By.xpath: //input[contains(@name,&apos;PolicyInfoInputSet-AffinityGroup&apos;)]
Element : By.xpath: //input[contains(@name,&apos;PolicyInfoInputSet-AffinityGroup&apos;)] command : [sendKeys] Value : []
 executeQuery   strQuery = Select * from policyInfo WHERE PrimaryKey=&apos;AUT_PA_PC_NewSubmission_BindOption_IssuePolicy&apos;
Found Element By : By.xpath: //div[contains(@class,&apos;gw-boldLabel&apos;) and text()=&apos;Producer of Record&apos;]
Found Element By : By.xpath: //div[contains(@class,&apos;gw-boldLabel&apos;) and text()=&apos;Producer of Record&apos;]
Found Element By : By.xpath: //div[contains(@class,&apos;gw-boldLabel&apos;) and text()=&apos;Producer of Record&apos;]
Found Element By : By.xpath: //div[contains(@class,&apos;gw-boldLabel&apos;) and text()=&apos;Producer of Record&apos;]
Producer of Record =&gt; Actual = [Producer of Record] equals Expected = [Producer of Record]
Found Element By : By.xpath: //input[contains(@name,&apos;PolicyInfoProducerOfRecordInputSet-Producer&apos;)]
Found Element By : By.xpath: //input[contains(@name,&apos;PolicyInfoProducerOfRecordInputSet-Producer&apos;)]
Found Element By : By.xpath: //input[contains(@name,&apos;PolicyInfoProducerOfRecordInputSet-Producer&apos;)]
Organization =&gt; Actual = [ACV Property Insurance] valueEquals Expected = [ACV Property Insurance]
Found Element By : By.xpath: //select[contains(@name,&apos;PolicyInfoProducerOfRecordInputSet-ProducerCode&apos;)]
Found Element By : By.xpath: //select[contains(@name,&apos;PolicyInfoProducerOfRecordInputSet-ProducerCode&apos;)]
Found Element By : By.xpath: //select[contains(@name,&apos;PolicyInfoProducerOfRecordInputSet-ProducerCode&apos;)]
Found Element By : By.tagName: option
ProducerCode =&gt; Actual = [301-008578 ACV Property Insurance] FirstSelectedOptionEquals Expected = [301-008578 ACV Property Insurance]
 executeQuery   strQuery = Select * from policyInfo WHERE PrimaryKey=&apos;AUT_PA_PC_NewSubmission_BindOption_IssuePolicy&apos;
Found Element By : By.xpath: //div[contains(@class,&apos;gw-boldLabel&apos;) and text()=&apos;Underwriting Companies&apos;]
Found Element By : By.xpath: //div[contains(@class,&apos;gw-boldLabel&apos;) and text()=&apos;Underwriting Companies&apos;]
Found Element By : By.xpath: //div[contains(@class,&apos;gw-boldLabel&apos;) and text()=&apos;Underwriting Companies&apos;]
Found Element By : By.xpath: //div[contains(@class,&apos;gw-boldLabel&apos;) and text()=&apos;Underwriting Companies&apos;]
Underwriting Companies =&gt; Actual = [Underwriting Companies] equals Expected = [Underwriting Companies]
Found Element By : By.xpath: //select[contains(@name,&apos;UWCompanyInputSet-UWCompany&apos;)]
Found Element By : By.xpath: //select[contains(@name,&apos;UWCompanyInputSet-UWCompany&apos;)]
Found Element By : By.xpath: .//option[normalize-space(.) = &quot;Acme Low Hazard Insurance&quot;]
Element : By.xpath: //select[contains(@name,&apos;UWCompanyInputSet-UWCompany&apos;)] command : [selectByVisibleText] Value : [Acme Low Hazard Insurance]
Found Element By : By.xpath: //div[@id=&apos;gw-center-title-toolbar&apos;]//div[contains(@class,&apos;gw-ToolbarButtonWidget&apos;)]/div[@role=&apos;button&apos;]//div[@class=&apos;gw-label&apos; and text()=&apos;Next&apos;]
Found Element By : By.xpath: //div[@id=&apos;gw-center-title-toolbar&apos;]//div[contains(@class,&apos;gw-ToolbarButtonWidget&apos;)]/div[@role=&apos;button&apos;]//div[@class=&apos;gw-label&apos; and text()=&apos;Next&apos;]
Element : By.xpath: //div[@id=&apos;gw-center-title-toolbar&apos;]//div[contains(@class,&apos;gw-ToolbarButtonWidget&apos;)]/div[@role=&apos;button&apos;]//div[@class=&apos;gw-label&apos; and text()=&apos;Next&apos;] command : [clickAndwait] Value : []
 executeQuery   strQuery = Select * from drivers WHERE PrimaryKey=&apos;AUT_PA_PC_NewSubmission_BindOption_IssuePolicy&apos;
Found Element By : By.xpath: //div[contains(@class,&apos;gw-isScreenTitle&apos;)]//div[@class=&apos;gw-TitleBar--title&apos; and @role=&apos;heading&apos;]
Found Element By : By.xpath: //div[contains(@class,&apos;gw-isScreenTitle&apos;)]//div[@class=&apos;gw-TitleBar--title&apos; and @role=&apos;heading&apos;]
Found Element By : By.xpath: //div[contains(@class,&apos;gw-isScreenTitle&apos;)]//div[@class=&apos;gw-TitleBar--title&apos; and @role=&apos;heading&apos;]
Found Element By : By.xpath: //div[contains(@class,&apos;gw-isScreenTitle&apos;)]//div[@class=&apos;gw-TitleBar--title&apos; and @role=&apos;heading&apos;]
Screen Header =&gt; Actual = [Drivers] equals Expected = [Drivers]
Found Element By : By.xpath: //div[contains(@id,&apos;DriversLV_tb-Add&apos;)]/div[@role=&apos;button&apos;]
Found Element By : By.xpath: //div[contains(@id,&apos;DriversLV_tb-Add&apos;)]/div[@role=&apos;button&apos;]
Element : By.xpath: //div[contains(@id,&apos;DriversLV_tb-Add&apos;)]/div[@role=&apos;button&apos;] command : [click] Value : [Existing Driver]
Found Element By : By.xpath: //div[contains(@id,&apos;DriversListDetailPanel-DriversLV_tb-AddDriver&apos;) and contains(@class,&apos;gw-AddButtonWidget&apos;)]/div[@class=&apos;gw-subMenu gw-open&apos;]//div[@class=&apos;gw-label&apos; and text()=&apos;Existing Driver&apos;]
Found Element By : By.xpath: //div[contains(@id,&apos;DriversListDetailPanel-DriversLV_tb-AddDriver&apos;) and contains(@class,&apos;gw-AddButtonWidget&apos;)]/div[@class=&apos;gw-subMenu gw-open&apos;]//div[@class=&apos;gw-label&apos; and text()=&apos;Existing Driver&apos;]
Element : By.xpath: //div[contains(@id,&apos;DriversListDetailPanel-DriversLV_tb-AddDriver&apos;) and contains(@class,&apos;gw-AddButtonWidget&apos;)]/div[@class=&apos;gw-subMenu gw-open&apos;]//div[@class=&apos;gw-label&apos; and text()=&apos;Existing Driver&apos;] command : [moveToElement] Value : [Existing Driver]
Found Element By : By.xpath: //div[contains(@id,&apos;DriversListDetailPanel-DriversLV_tb-AddDriver&apos;) and contains(@class,&apos;gw-AddButtonWidget&apos;)]/div[@class=&apos;gw-subMenu gw-open&apos;]/div[contains(@id,&apos;DriversLV_tb-AddDriver-AddExistingContact&apos;)]//div[contains(@id,&apos;UnassignedDriver&apos;)]//div[@class=&apos;gw-label&apos; and text()=&apos;EjovVELQg Automation&apos;]
Found Element By : By.xpath: //div[contains(@id,&apos;DriversListDetailPanel-DriversLV_tb-AddDriver&apos;) and contains(@class,&apos;gw-AddButtonWidget&apos;)]/div[@class=&apos;gw-subMenu gw-open&apos;]/div[contains(@id,&apos;DriversLV_tb-AddDriver-AddExistingContact&apos;)]//div[contains(@id,&apos;UnassignedDriver&apos;)]//div[@class=&apos;gw-label&apos; and text()=&apos;EjovVELQg Automation&apos;]
Element : By.xpath: //div[contains(@id,&apos;DriversListDetailPanel-DriversLV_tb-AddDriver&apos;) and contains(@class,&apos;gw-AddButtonWidget&apos;)]/div[@class=&apos;gw-subMenu gw-open&apos;]/div[contains(@id,&apos;DriversLV_tb-AddDriver-AddExistingContact&apos;)]//div[contains(@id,&apos;UnassignedDriver&apos;)]//div[@class=&apos;gw-label&apos; and text()=&apos;EjovVELQg Automation&apos;] command : [clickAndwait] Value : [EjovVELQg Automation]
 executeQuery   strQuery = Select * from drivers WHERE PrimaryKey=&apos;AUT_PA_PC_NewSubmission_BindOption_IssuePolicy&apos;
Found Element By : By.xpath: //div[contains(@id,&apos;DriverDetailsCV-PolicyContactDetailCardTab&apos;)]
Found Element By : By.xpath: //div[contains(@id,&apos;DriverDetailsCV-PolicyContactDetailCardTab&apos;)]
Element : By.xpath: //div[contains(@id,&apos;DriverDetailsCV-PolicyContactDetailCardTab&apos;)] command : [click] Value : [NA]
Found Element By : By.xpath: //div[contains(@class,&apos;gw-boldLabel&apos;) and text()=&apos;Person&apos;]
Found Element By : By.xpath: //div[contains(@class,&apos;gw-boldLabel&apos;) and text()=&apos;Person&apos;]
Found Element By : By.xpath: //div[contains(@class,&apos;gw-boldLabel&apos;) and text()=&apos;Person&apos;]
Found Element By : By.xpath: //div[contains(@class,&apos;gw-boldLabel&apos;) and text()=&apos;Person&apos;]
Person =&gt; Actual = [Person] equals Expected = [Person]
Found Element By : By.xpath: //div[contains(@id,&apos;DateOfBirth_Input&apos;)]//div[@class=&apos;gw-value&apos;]//input[contains(@name,&apos;DateOfBirth&apos;)]
Found Element By : By.xpath: //div[contains(@id,&apos;DateOfBirth_Input&apos;)]//div[@class=&apos;gw-value&apos;]//input[contains(@name,&apos;DateOfBirth&apos;)]
Element : By.xpath: //div[contains(@id,&apos;DateOfBirth_Input&apos;)]//div[@class=&apos;gw-value&apos;]//input[contains(@name,&apos;DateOfBirth&apos;)] command : [clearANDsendKeys] Value : [01/20/1994]
Found Element By : By.xpath: //div[contains(@class,&apos;gw-boldLabel&apos;) and text()=&apos;Address&apos;]
Found Element By : By.xpath: //div[contains(@class,&apos;gw-boldLabel&apos;) and text()=&apos;Address&apos;]
Found Element By : By.xpath: //div[contains(@class,&apos;gw-boldLabel&apos;) and text()=&apos;Address&apos;]
Found Element By : By.xpath: //div[contains(@class,&apos;gw-boldLabel&apos;) and text()=&apos;Address&apos;]
Address =&gt; Actual = [Address] equals Expected = [Address]
Found Element By : By.xpath: //input[contains(@name,&apos;LicenseInputSet-LicenseNumber&apos;)]
Found Element By : By.xpath: //input[contains(@name,&apos;LicenseInputSet-LicenseNumber&apos;)]
Element : By.xpath: //input[contains(@name,&apos;LicenseInputSet-LicenseNumber&apos;)] command : [clearANDsendKeys] Value : [06072021155810]
Found Element By : By.xpath: //select[contains(@name,&apos;LicenseInputSet-LicenseState&apos;)]
Found Element By : By.xpath: //select[contains(@name,&apos;LicenseInputSet-LicenseState&apos;)]
Found Element By : By.xpath: .//option[normalize-space(.) = &quot;Alaska&quot;]
Element : By.xpath: //select[contains(@name,&apos;LicenseInputSet-LicenseState&apos;)] command : [selectByVisibleText] Value : [Alaska]
 executeQuery   strQuery = Select * from drivers WHERE PrimaryKey=&apos;AUT_PA_PC_NewSubmission_BindOption_IssuePolicy&apos;
Found Element By : By.xpath: //div[contains(@id,&apos;DriverDetailsCV-RolesCardTab&apos;)]
Found Element By : By.xpath: //div[contains(@id,&apos;DriverDetailsCV-RolesCardTab&apos;)]
Element : By.xpath: //div[contains(@id,&apos;DriverDetailsCV-RolesCardTab&apos;)] command : [click] Value : [NA]
Found Element By : By.xpath: //div[contains(@class,&apos;gw-TitleBarWidget&apos;)]//div[@class=&apos;gw-TitleBar--title&apos; and @role=&apos;heading&apos; and text()=&apos;Primary Named Insured&apos;]
Found Element By : By.xpath: //div[contains(@class,&apos;gw-TitleBarWidget&apos;)]//div[@class=&apos;gw-TitleBar--title&apos; and @role=&apos;heading&apos; and text()=&apos;Primary Named Insured&apos;]
Found Element By : By.xpath: //div[contains(@class,&apos;gw-TitleBarWidget&apos;)]//div[@class=&apos;gw-TitleBar--title&apos; and @role=&apos;heading&apos; and text()=&apos;Primary Named Insured&apos;]
Found Element By : By.xpath: //div[contains(@class,&apos;gw-TitleBarWidget&apos;)]//div[@class=&apos;gw-TitleBar--title&apos; and @role=&apos;heading&apos; and text()=&apos;Primary Named Insured&apos;]
Primary Named Insured =&gt; Actual = [Primary Named Insured] equals Expected = [Primary Named Insured]
Found Element By : By.xpath: //div[contains(@class,&apos;gw-TitleBarWidget&apos;)]//div[@class=&apos;gw-TitleBar--title&apos; and @role=&apos;heading&apos; and text()=&apos;Driver&apos;]
Found Element By : By.xpath: //div[contains(@class,&apos;gw-TitleBarWidget&apos;)]//div[@class=&apos;gw-TitleBar--title&apos; and @role=&apos;heading&apos; and text()=&apos;Driver&apos;]
Found Element By : By.xpath: //div[contains(@class,&apos;gw-TitleBarWidget&apos;)]//div[@class=&apos;gw-TitleBar--title&apos; and @role=&apos;heading&apos; and text()=&apos;Driver&apos;]
Found Element By : By.xpath: //div[contains(@class,&apos;gw-TitleBarWidget&apos;)]//div[@class=&apos;gw-TitleBar--title&apos; and @role=&apos;heading&apos; and text()=&apos;Driver&apos;]
Driver =&gt; Actual = [Driver] equals Expected = [Driver]
Found Element By : By.xpath: //input[contains(@name,&apos;PolicyContactRolePanelSet-PolicyDriverInfoDV-datecompletedtrainingclass&apos;)]
Found Element By : By.xpath: //input[contains(@name,&apos;PolicyContactRolePanelSet-PolicyDriverInfoDV-datecompletedtrainingclass&apos;)]
Element : By.xpath: //input[contains(@name,&apos;PolicyContactRolePanelSet-PolicyDriverInfoDV-datecompletedtrainingclass&apos;)] command : [clearANDsendKeys] Value : [06/10/2011]
Found Element By : By.xpath: //input[contains(@name,&apos;PolicyContactRolePanelSet-PolicyDriverInfoDV-yearlicensed&apos;)]
Found Element By : By.xpath: //input[contains(@name,&apos;PolicyContactRolePanelSet-PolicyDriverInfoDV-yearlicensed&apos;)]
Element : By.xpath: //input[contains(@name,&apos;PolicyContactRolePanelSet-PolicyDriverInfoDV-yearlicensed&apos;)] command : [clearANDsendKeys] Value : [2012]
Found Element By : By.xpath: //input[contains(@id,&apos;ExcludedDriver_1&apos;)]
Found Element By : By.xpath: //input[contains(@id,&apos;ExcludedDriver_1&apos;)]
Element : By.xpath: //input[contains(@id,&apos;ExcludedDriver_1&apos;)] command : [click] Value : [Yes]
Found Element By : By.xpath: //div[contains(@class,&apos;gw-boldLabel&apos;) and text()=&apos;Accident/Violation Summary&apos;]
Found Element By : By.xpath: //div[contains(@class,&apos;gw-boldLabel&apos;) and text()=&apos;Accident/Violation Summary&apos;]
Found Element By : By.xpath: //div[contains(@class,&apos;gw-boldLabel&apos;) and text()=&apos;Accident/Violation Summary&apos;]
Found Element By : By.xpath: //div[contains(@class,&apos;gw-boldLabel&apos;) and text()=&apos;Accident/Violation Summary&apos;]
Accident/Violation Summary =&gt; Actual = [Accident/Violation Summary] equals Expected = [Accident/Violation Summary]
Found Element By : By.xpath: //select[contains(@name,&apos;PolicyContactRolePanelSet-PolicyDriverNumberOfAccidents&apos;)]
Found Element By : By.xpath: //select[contains(@name,&apos;PolicyContactRolePanelSet-PolicyDriverNumberOfAccidents&apos;)]
Found Element By : By.xpath: .//option[normalize-space(.) = &quot;0&quot;]
Element : By.xpath: //select[contains(@name,&apos;PolicyContactRolePanelSet-PolicyDriverNumberOfAccidents&apos;)] command : [selectByVisibleText] Value : [0]
Found Element By : By.xpath: //select[contains(@name,&apos;PolicyContactRolePanelSet-DriverNumberOfAccidents&apos;)]
Found Element By : By.xpath: //select[contains(@name,&apos;PolicyContactRolePanelSet-DriverNumberOfAccidents&apos;)]
Found Element By : By.xpath: .//option[normalize-space(.) = &quot;0&quot;]
Element : By.xpath: //select[contains(@name,&apos;PolicyContactRolePanelSet-DriverNumberOfAccidents&apos;)] command : [selectByVisibleText] Value : [0]
Found Element By : By.xpath: //select[contains(@name,&apos;PolicyContactRolePanelSet-PolicyDriverNumberOfViolations&apos;)]
Found Element By : By.xpath: //select[contains(@name,&apos;PolicyContactRolePanelSet-PolicyDriverNumberOfViolations&apos;)]
Found Element By : By.xpath: .//option[normalize-space(.) = &quot;0&quot;]
Element : By.xpath: //select[contains(@name,&apos;PolicyContactRolePanelSet-PolicyDriverNumberOfViolations&apos;)] command : [selectByVisibleText] Value : [0]
Found Element By : By.xpath: //select[contains(@name,&apos;PolicyContactRolePanelSet-DriverNumberOfViolations&apos;)]
Found Element By : By.xpath: //select[contains(@name,&apos;PolicyContactRolePanelSet-DriverNumberOfViolations&apos;)]
Found Element By : By.xpath: .//option[normalize-space(.) = &quot;0&quot;]
Element : By.xpath: //select[contains(@name,&apos;PolicyContactRolePanelSet-DriverNumberOfViolations&apos;)] command : [selectByVisibleText] Value : [0]
Found Element By : By.xpath: //div[@id=&apos;gw-center-title-toolbar&apos;]//div[contains(@class,&apos;gw-ToolbarButtonWidget&apos;)]/div[@role=&apos;button&apos;]//div[@class=&apos;gw-label&apos; and text()=&apos;Next&apos;]
Found Element By : By.xpath: //div[@id=&apos;gw-center-title-toolbar&apos;]//div[contains(@class,&apos;gw-ToolbarButtonWidget&apos;)]/div[@role=&apos;button&apos;]//div[@class=&apos;gw-label&apos; and text()=&apos;Next&apos;]
Element : By.xpath: //div[@id=&apos;gw-center-title-toolbar&apos;]//div[contains(@class,&apos;gw-ToolbarButtonWidget&apos;)]/div[@role=&apos;button&apos;]//div[@class=&apos;gw-label&apos; and text()=&apos;Next&apos;] command : [clickAndwait] Value : []
 executeQuery   strQuery = Select * from vehicles WHERE PrimaryKey=&apos;AUT_PA_PC_NewSubmission_BindOption_IssuePolicy&apos;
Found Element By : By.xpath: //div[contains(@class,&apos;gw-isScreenTitle&apos;)]//div[@class=&apos;gw-TitleBar--title&apos; and @role=&apos;heading&apos;]
Found Element By : By.xpath: //div[contains(@class,&apos;gw-isScreenTitle&apos;)]//div[@class=&apos;gw-TitleBar--title&apos; and @role=&apos;heading&apos;]
Found Element By : By.xpath: //div[contains(@class,&apos;gw-isScreenTitle&apos;)]//div[@class=&apos;gw-TitleBar--title&apos; and @role=&apos;heading&apos;]
Found Element By : By.xpath: //div[contains(@class,&apos;gw-isScreenTitle&apos;)]//div[@class=&apos;gw-TitleBar--title&apos; and @role=&apos;heading&apos;]
Screen Header =&gt; Actual = [Vehicles] equals Expected = [Vehicles]
Found Element By : By.xpath: //div[contains(@id,&apos;VehiclesListDetailPanel_tb-Add&apos;)]//div[@class=&apos;gw-label&apos;]
Found Element By : By.xpath: //div[contains(@id,&apos;VehiclesListDetailPanel_tb-Add&apos;)]//div[@class=&apos;gw-label&apos;]
Element : By.xpath: //div[contains(@id,&apos;VehiclesListDetailPanel_tb-Add&apos;)]//div[@class=&apos;gw-label&apos;] command : [click] Value : [NA]
Found Element By : By.xpath: //div[contains(@id,&apos;VehiclesDetailsCV-VehicleDetailCardTab&apos;)]
Found Element By : By.xpath: //div[contains(@id,&apos;VehiclesDetailsCV-VehicleDetailCardTab&apos;)]
Element : By.xpath: //div[contains(@id,&apos;VehiclesDetailsCV-VehicleDetailCardTab&apos;)] command : [click] Value : [NA]
Found Element By : By.xpath: //div[contains(@class,&apos;gw-LabelWidget&apos;)]/div[contains(@class,&apos;gw-label&apos;) and text()=&apos;Basic Vehicle Information&apos;]
Found Element By : By.xpath: //div[contains(@class,&apos;gw-LabelWidget&apos;)]/div[contains(@class,&apos;gw-label&apos;) and text()=&apos;Basic Vehicle Information&apos;]
Found Element By : By.xpath: //div[contains(@class,&apos;gw-LabelWidget&apos;)]/div[contains(@class,&apos;gw-label&apos;) and text()=&apos;Basic Vehicle Information&apos;]
Found Element By : By.xpath: //div[contains(@class,&apos;gw-LabelWidget&apos;)]/div[contains(@class,&apos;gw-label&apos;) and text()=&apos;Basic Vehicle Information&apos;]
Basic Vehicle Information =&gt; Actual = [Basic Vehicle Information] equals Expected = [Basic Vehicle Information]
Found Element By : By.xpath: //select[contains(@name,&apos;VehiclesDetailsCV-PersonalAuto_VehicleDV-Type_DV&apos;)]
Found Element By : By.xpath: //select[contains(@name,&apos;VehiclesDetailsCV-PersonalAuto_VehicleDV-Type_DV&apos;)]
Found Element By : By.xpath: .//option[normalize-space(.) = &quot;Passenger/Light Truck&quot;]
Element : By.xpath: //select[contains(@name,&apos;VehiclesDetailsCV-PersonalAuto_VehicleDV-Type_DV&apos;)] command : [selectByVisibleText] Value : [Passenger/Light Truck]
Found Element By : By.xpath: //input[contains(@name,&apos;VehiclesDetailsCV-PersonalAuto_VehicleDV-Vin_DV&apos;)]
Found Element By : By.xpath: //input[contains(@name,&apos;VehiclesDetailsCV-PersonalAuto_VehicleDV-Vin_DV&apos;)]
Element : By.xpath: //input[contains(@name,&apos;VehiclesDetailsCV-PersonalAuto_VehicleDV-Vin_DV&apos;)] command : [sendKeys] Value : [2B4FK45J3KR079397]
Found Element By : By.xpath: //select[contains(@name, &apos;VehiclesDetailsCV-PersonalAuto_VehicleDV-BodyType_DV&apos;)]
Found Element By : By.xpath: //select[contains(@name, &apos;VehiclesDetailsCV-PersonalAuto_VehicleDV-BodyType_DV&apos;)]
Found Element By : By.xpath: .//option[normalize-space(.) = &quot;SUV&quot;]
Element : By.xpath: //select[contains(@name, &apos;VehiclesDetailsCV-PersonalAuto_VehicleDV-BodyType_DV&apos;)] command : [selectByVisibleText] Value : [SUV]
Found Element By : By.xpath: //select[contains(@name, &apos;VehiclesDetailsCV-PersonalAuto_VehicleDV-LicenseState_DV&apos;)]
Found Element By : By.xpath: //select[contains(@name, &apos;VehiclesDetailsCV-PersonalAuto_VehicleDV-LicenseState_DV&apos;)]
Found Element By : By.xpath: .//option[normalize-space(.) = &quot;Alaska&quot;]
Element : By.xpath: //select[contains(@name, &apos;VehiclesDetailsCV-PersonalAuto_VehicleDV-LicenseState_DV&apos;)] command : [selectByVisibleText] Value : [Alaska]
Found Element By : By.xpath: //input[contains(@name,&apos;VehiclesDetailsCV-PersonalAuto_VehicleDV-CostNew_DV&apos;)]
Found Element By : By.xpath: //input[contains(@name,&apos;VehiclesDetailsCV-PersonalAuto_VehicleDV-CostNew_DV&apos;)]
Element : By.xpath: //input[contains(@name,&apos;VehiclesDetailsCV-PersonalAuto_VehicleDV-CostNew_DV&apos;)] command : [sendKeys] Value : [10000]
Found Element By : By.xpath: //input[contains(@name,&apos;PersonalAuto_VehicleDV-StatedValue_DV&apos;)]
Found Element By : By.xpath: //input[contains(@name,&apos;PersonalAuto_VehicleDV-StatedValue_DV&apos;)]
Element : By.xpath: //input[contains(@name,&apos;PersonalAuto_VehicleDV-StatedValue_DV&apos;)] command : [sendKeys] Value : [5000]
Found Element By : By.xpath: //input[contains(@name,&apos;PersonalAuto_VehicleDV-annualmiles_DV&apos;)]
Found Element By : By.xpath: //input[contains(@name,&apos;PersonalAuto_VehicleDV-annualmiles_DV&apos;)]
Element : By.xpath: //input[contains(@name,&apos;PersonalAuto_VehicleDV-annualmiles_DV&apos;)] command : [sendKeys] Value : [2345]
Found Element By : By.xpath: //select[contains(@name,&apos;PersonalAuto_VehicleDV-primaryuse_DV&apos;)]
Found Element By : By.xpath: //select[contains(@name,&apos;PersonalAuto_VehicleDV-primaryuse_DV&apos;)]
Element : By.xpath: //select[contains(@name,&apos;PersonalAuto_VehicleDV-primaryuse_DV&apos;)] command : [sendKeys] Value : [Pleasure]
Found Element By : By.xpath: //div[contains(@class,&apos;gw-LabelWidget&apos;)]/div[contains(@class,&apos;gw-label&apos;) and text()=&apos;Vehicle Rate Modifiers&apos;]
Found Element By : By.xpath: //div[contains(@class,&apos;gw-LabelWidget&apos;)]/div[contains(@class,&apos;gw-label&apos;) and text()=&apos;Vehicle Rate Modifiers&apos;]
Found Element By : By.xpath: //div[contains(@class,&apos;gw-LabelWidget&apos;)]/div[contains(@class,&apos;gw-label&apos;) and text()=&apos;Vehicle Rate Modifiers&apos;]
Found Element By : By.xpath: //div[contains(@class,&apos;gw-LabelWidget&apos;)]/div[contains(@class,&apos;gw-label&apos;) and text()=&apos;Vehicle Rate Modifiers&apos;]
Vehicle Rate Modifiers =&gt; Actual = [Vehicle Rate Modifiers] equals Expected = [Vehicle Rate Modifiers]
Found Element By : By.xpath: //input[contains(@id,&apos;PAVehicleModifiersInputSet-0-BooleanModifier_1&apos;)]
Found Element By : By.xpath: //input[contains(@id,&apos;PAVehicleModifiersInputSet-0-BooleanModifier_1&apos;)]
[...]
Found Element By : By.xpath: //div[contains(@class,&apos;gw-LabelWidget&apos;)]/div[contains(@class,&apos;gw-label&apos;) and text()=&apos;What percentage does each driver use this vehicle?&apos;]
What percentage does each driver use this vehicle? =&gt; Actual = [What percentage does each driver use this vehicle?] equals Expected = [What percentage does each driver use this vehicle?]
Found Element By : By.xpath: //div[contains(@id,&apos;PersonalAuto_AssignDriversInputSet-DriverPctLV_tb-Add&apos;)]/div[@role=&apos;button&apos;]
Found Element By : By.xpath: //div[contains(@id,&apos;PersonalAuto_AssignDriversInputSet-DriverPctLV_tb-Add&apos;)]/div[@role=&apos;button&apos;]
Element : By.xpath: //div[contains(@id,&apos;PersonalAuto_AssignDriversInputSet-DriverPctLV_tb-Add&apos;)]/div[@role=&apos;button&apos;] command : [clickAndwait] Value : []
Found Element By : By.xpath: //div[@class=&apos;gw-subMenu gw-open&apos;]//div[contains(@id,&apos;DriverPctLV_tb-AddDriver&apos;) and contains(@class,&apos;gw-AddMenuItemWidget&apos;)]//div[@class=&apos;gw-label&apos; and text()=&apos;EjovVELQg Automation&apos;]
Found Element By : By.xpath: //div[@class=&apos;gw-subMenu gw-open&apos;]//div[contains(@id,&apos;DriverPctLV_tb-AddDriver&apos;) and contains(@class,&apos;gw-AddMenuItemWidget&apos;)]//div[@class=&apos;gw-label&apos; and text()=&apos;EjovVELQg Automation&apos;]
Element : By.xpath: //div[@class=&apos;gw-subMenu gw-open&apos;]//div[contains(@id,&apos;DriverPctLV_tb-AddDriver&apos;) and contains(@class,&apos;gw-AddMenuItemWidget&apos;)]//div[@class=&apos;gw-label&apos; and text()=&apos;EjovVELQg Automation&apos;] command : [clickAndwait] Value : [YinEeoQwO Automation]
Found Element By : By.xpath: //div[@id=&apos;gw-center-title-toolbar&apos;]//div[contains(@class,&apos;gw-ToolbarButtonWidget&apos;)]/div[@role=&apos;button&apos;]//div[@class=&apos;gw-label&apos; and text()=&apos;Next&apos;]
Found Element By : By.xpath: //div[@id=&apos;gw-center-title-toolbar&apos;]//div[contains(@class,&apos;gw-ToolbarButtonWidget&apos;)]/div[@role=&apos;button&apos;]//div[@class=&apos;gw-label&apos; and text()=&apos;Next&apos;]
Element : By.xpath: //div[@id=&apos;gw-center-title-toolbar&apos;]//div[contains(@class,&apos;gw-ToolbarButtonWidget&apos;)]/div[@role=&apos;button&apos;]//div[@class=&apos;gw-label&apos; and text()=&apos;Next&apos;] command : [clickAndwait] Value : []
 executeQuery   strQuery = Select * from paCoverages WHERE PrimaryKey=&apos;AUT_PA_PC_NewSubmission_BindOption_IssuePolicy&apos;
Found Element By : By.xpath: //div[contains(@class,&apos;gw-isScreenTitle&apos;)]//div[@class=&apos;gw-TitleBar--title&apos; and @role=&apos;heading&apos;]
Found Element By : By.xpath: //div[contains(@class,&apos;gw-isScreenTitle&apos;)]//div[@class=&apos;gw-TitleBar--title&apos; and @role=&apos;heading&apos;]
Found Element By : By.xpath: //div[contains(@class,&apos;gw-isScreenTitle&apos;)]//div[@class=&apos;gw-TitleBar--title&apos; and @role=&apos;heading&apos;]
Found Element By : By.xpath: //div[contains(@class,&apos;gw-isScreenTitle&apos;)]//div[@class=&apos;gw-TitleBar--title&apos; and @role=&apos;heading&apos;]
Screen_Header =&gt; Actual = [PA Coverages] equals Expected = [PA Coverages]
Found Element By : By.xpath: //div[contains(@id,&apos;PersonalAutoScreen-CoveragesTab&apos;)]
Found Element By : By.xpath: //div[contains(@id,&apos;PersonalAutoScreen-CoveragesTab&apos;)]
Element : By.xpath: //div[contains(@id,&apos;PersonalAutoScreen-CoveragesTab&apos;)] command : [click] Value : []
Found Element By : By.xpath: //div[contains(@class,&apos;gw-TitleBarWidget&apos;)]//div[@class=&apos;gw-TitleBar--title&apos; and @role=&apos;heading&apos; and contains(text(),&apos;Coverages applied to all vehicles&apos;)]
Found Element By : By.xpath: //div[contains(@class,&apos;gw-TitleBarWidget&apos;)]//div[@class=&apos;gw-TitleBar--title&apos; and @role=&apos;heading&apos; and contains(text(),&apos;Coverages applied to all vehicles&apos;)]
Found Element By : By.xpath: //div[contains(@class,&apos;gw-TitleBarWidget&apos;)]//div[@class=&apos;gw-TitleBar--title&apos; and @role=&apos;heading&apos; and contains(text(),&apos;Coverages applied to all vehicles&apos;)]
Coverages applied to all vehicles =&gt; Actual = [Coverages applied to all vehicles in Alaska] contains Expected = [Coverages applied to all vehicles]
Found Element By : By.xpath: //div[@role=&apos;heading&apos; and text()=&apos;Liability - Bodily Injury and Property Damage&apos;]/preceding-sibling::div//input[contains(@name,&apos;CoverageInputSet-CovPatternInputGroup&apos;)]
Found Element By : By.xpath: //div[@role=&apos;heading&apos; and text()=&apos;Liability - Bodily Injury and Property Damage&apos;]/preceding-sibling::div//input[contains(@name,&apos;CoverageInputSet-CovPatternInputGroup&apos;)]
Liability - Bodily Injury and Property Damage =&gt; Actual = [isDisabled] isDisabled Expected = [Verify]
Found Element By : By.xpath: //div[@class=&apos;gw-label&apos; and text()=&apos;Auto Liability Package&apos;]/parent::div//select[contains(@name,&apos;CoverageInputSet&apos;)]
Found Element By : By.xpath: //div[@class=&apos;gw-label&apos; and text()=&apos;Auto Liability Package&apos;]/parent::div//select[contains(@name,&apos;CoverageInputSet&apos;)]
Element : By.xpath: //div[@class=&apos;gw-label&apos; and text()=&apos;Auto Liability Package&apos;]/parent::div//select[contains(@name,&apos;CoverageInputSet&apos;)] command : [FirstSelectedOptionEquals] Value : [250/500/100]
Found Element By : By.xpath: //div[@role=&apos;heading&apos; and text()=&apos;Medical Payments&apos;]/preceding-sibling::div//input[contains(@name,&apos;CoverageInputSet-CovPatternInputGroup&apos;)]
Found Element By : By.xpath: //div[@role=&apos;heading&apos; and text()=&apos;Medical Payments&apos;]/preceding-sibling::div//input[contains(@name,&apos;CoverageInputSet-CovPatternInputGroup&apos;)]
Found Element By : By.xpath: //div[@role=&apos;heading&apos; and text()=&apos;Medical Payments&apos;]/preceding-sibling::div//input[contains(@name,&apos;CoverageInputSet-CovPatternInputGroup&apos;)]
Found Element By : By.xpath: //div[@role=&apos;heading&apos; and text()=&apos;Medical Payments&apos;]/preceding-sibling::div//input[contains(@name,&apos;CoverageInputSet-CovPatternInputGroup&apos;)]
Medical Payments =&gt; Actual = [isDisabled] isSelected Expected = [Verify]
Found Element By : By.xpath: //div[@class=&apos;gw-label&apos; and text()=&apos;Medical Limit&apos;]/parent::div//select[contains(@name,&apos;CoverageInputSet&apos;)]
Found Element By : By.xpath: //div[@class=&apos;gw-label&apos; and text()=&apos;Medical Limit&apos;]/parent::div//select[contains(@name,&apos;CoverageInputSet&apos;)]
Found Element By : By.xpath: //div[@class=&apos;gw-label&apos; and text()=&apos;Medical Limit&apos;]/parent::div//select[contains(@name,&apos;CoverageInputSet&apos;)]
Found Element By : By.tagName: option
Medical Limit =&gt; Actual = [5,000] FirstSelectedOptionEquals Expected = [5,000]
Found Element By : By.xpath: //div[@role=&apos;heading&apos; and text()=&apos;Uninsured Motorist - Bodily Injury&apos;]/preceding-sibling::div//input[contains(@name,&apos;CoverageInputSet-CovPatternInputGroup&apos;)]
Found Element By : By.xpath: //div[@role=&apos;heading&apos; and text()=&apos;Uninsured Motorist - Bodily Injury&apos;]/preceding-sibling::div//input[contains(@name,&apos;CoverageInputSet-CovPatternInputGroup&apos;)]
Found Element By : By.xpath: //div[@role=&apos;heading&apos; and text()=&apos;Uninsured Motorist - Bodily Injury&apos;]/preceding-sibling::div//input[contains(@name,&apos;CoverageInputSet-CovPatternInputGroup&apos;)]
Found Element By : By.xpath: //div[@role=&apos;heading&apos; and text()=&apos;Uninsured Motorist - Bodily Injury&apos;]/preceding-sibling::div//input[contains(@name,&apos;CoverageInputSet-CovPatternInputGroup&apos;)]
Uninsured Motorist - Bodily Injury =&gt; Actual = [isDisabled] isSelected Expected = [Verify]
Found Element By : By.xpath: //div[@class=&apos;gw-label&apos; and text()=&apos;Uninsured Motorist - BI Limits&apos;]/parent::div//select[contains(@name,&apos;CoverageInputSet&apos;)]
Found Element By : By.xpath: //div[@class=&apos;gw-label&apos; and text()=&apos;Uninsured Motorist - BI Limits&apos;]/parent::div//select[contains(@name,&apos;CoverageInputSet&apos;)]
Found Element By : By.xpath: //div[@class=&apos;gw-label&apos; and text()=&apos;Uninsured Motorist - BI Limits&apos;]/parent::div//select[contains(@name,&apos;CoverageInputSet&apos;)]
Found Element By : By.tagName: option
Uninsured Motorist - BI Limits =&gt; Actual = [50/100] FirstSelectedOptionEquals Expected = [50/100]
 executeQuery   strQuery = Select * from paCoverages WHERE PrimaryKey=&apos;AUT_PA_PC_NewSubmission_BindOption_IssuePolicy&apos;
Found Element By : By.xpath: //div[contains(@class,&apos;gw-isScreenTitle&apos;)]//div[@class=&apos;gw-TitleBar--title&apos; and @role=&apos;heading&apos;]
Found Element By : By.xpath: //div[contains(@class,&apos;gw-isScreenTitle&apos;)]//div[@class=&apos;gw-TitleBar--title&apos; and @role=&apos;heading&apos;]
Found Element By : By.xpath: //div[contains(@class,&apos;gw-isScreenTitle&apos;)]//div[@class=&apos;gw-TitleBar--title&apos; and @role=&apos;heading&apos;]
Found Element By : By.xpath: //div[contains(@class,&apos;gw-isScreenTitle&apos;)]//div[@class=&apos;gw-TitleBar--title&apos; and @role=&apos;heading&apos;]
Screen_Header =&gt; Actual = [PA Coverages] equals Expected = [PA Coverages]
Found Element By : By.xpath: //div[contains(@id,&apos;PersonalAutoScreen-CoveragesTab&apos;)]
Found Element By : By.xpath: //div[contains(@id,&apos;PersonalAutoScreen-CoveragesTab&apos;)]
Element : By.xpath: //div[contains(@id,&apos;PersonalAutoScreen-CoveragesTab&apos;)] command : [click] Value : []
Found Element By : By.xpath: //div[contains(@class,&apos;gw-TitleBarWidget&apos;)]//div[@class=&apos;gw-TitleBar--title&apos; and @role=&apos;heading&apos; and contains(text(),&apos;Coverages applied per vehicle in&apos;)]
Found Element By : By.xpath: //div[contains(@class,&apos;gw-TitleBarWidget&apos;)]//div[@class=&apos;gw-TitleBar--title&apos; and @role=&apos;heading&apos; and contains(text(),&apos;Coverages applied per vehicle in&apos;)]
Found Element By : By.xpath: //div[contains(@class,&apos;gw-TitleBarWidget&apos;)]//div[@class=&apos;gw-TitleBar--title&apos; and @role=&apos;heading&apos; and contains(text(),&apos;Coverages applied per vehicle in&apos;)]
Coverages applied per vehicle in =&gt; Actual = [Coverages applied per vehicle in Alaska] contains Expected = [Coverages applied per vehicle in]
Found Element By : By.xpath: //div[@role=&apos;heading&apos; and text()=&apos;Comprehensive&apos;]/preceding-sibling::div//input[contains(@name,&apos;CoverageInputSet-CovPatternInputGroup&apos;)]
Found Element By : By.xpath: //div[@role=&apos;heading&apos; and text()=&apos;Comprehensive&apos;]/preceding-sibling::div//input[contains(@name,&apos;CoverageInputSet-CovPatternInputGroup&apos;)]
Found Element By : By.xpath: //div[@role=&apos;heading&apos; and text()=&apos;Comprehensive&apos;]/preceding-sibling::div//input[contains(@name,&apos;CoverageInputSet-CovPatternInputGroup&apos;)]
Found Element By : By.xpath: //div[@role=&apos;heading&apos; and text()=&apos;Comprehensive&apos;]/preceding-sibling::div//input[contains(@name,&apos;CoverageInputSet-CovPatternInputGroup&apos;)]
Comprehensive =&gt; Actual = [isDisabled] isSelected Expected = [Verify]
Found Element By : By.xpath: //div[@class=&apos;gw-label&apos; and text()=&apos;Comprehensive Deductible&apos;]/parent::div//select[contains(@name,&apos;CoverageInputSet&apos;)]
Found Element By : By.xpath: //div[@class=&apos;gw-label&apos; and text()=&apos;Comprehensive Deductible&apos;]/parent::div//select[contains(@name,&apos;CoverageInputSet&apos;)]
Found Element By : By.xpath: //div[@class=&apos;gw-label&apos; and text()=&apos;Comprehensive Deductible&apos;]/parent::div//select[contains(@name,&apos;CoverageInputSet&apos;)]
Found Element By : By.tagName: option
Comprehensive Deductible =&gt; Actual = [500] FirstSelectedOptionEquals Expected = [500]
Found Element By : By.xpath: //div[@id=&apos;gw-center-title-toolbar&apos;]//div[contains(@class,&apos;gw-ToolbarButtonWidget&apos;)]/div[@role=&apos;button&apos;]//div[@class=&apos;gw-label&apos; and text()=&apos;Next&apos;]
Found Element By : By.xpath: //div[@id=&apos;gw-center-title-toolbar&apos;]//div[contains(@class,&apos;gw-ToolbarButtonWidget&apos;)]/div[@role=&apos;button&apos;]//div[@class=&apos;gw-label&apos; and text()=&apos;Next&apos;]
Element : By.xpath: //div[@id=&apos;gw-center-title-toolbar&apos;]//div[contains(@class,&apos;gw-ToolbarButtonWidget&apos;)]/div[@role=&apos;button&apos;]//div[@class=&apos;gw-label&apos; and text()=&apos;Next&apos;] command : [clickAndwait] Value : []
Found Element By : By.xpath: //div[contains(@class,&apos;gw-isScreenTitle&apos;)]//div[@class=&apos;gw-TitleBar--title&apos; and @role=&apos;heading&apos;]
Found Element By : By.xpath: //div[contains(@class,&apos;gw-isScreenTitle&apos;)]//div[@class=&apos;gw-TitleBar--title&apos; and @role=&apos;heading&apos;]
Found Element By : By.xpath: //div[contains(@class,&apos;gw-isScreenTitle&apos;)]//div[@class=&apos;gw-TitleBar--title&apos; and @role=&apos;heading&apos;]
Found Element By : By.xpath: //div[contains(@class,&apos;gw-isScreenTitle&apos;)]//div[@class=&apos;gw-TitleBar--title&apos; and @role=&apos;heading&apos;]
Found Element By : By.xpath: //div[contains(@class,&apos;gw-isScreenTitle&apos;)]//div[@class=&apos;gw-TitleBar--title&apos; and @role=&apos;heading&apos;]
Screen Header =&gt; Actual = [Risk Analysis] equals Expected = [Risk Analysis]
</system-out>
    <system-err>Starting ChromeDriver 91.0.4472.19 (1bf021f248676a0b2ab3ee0561d83a59e424c23e-refs/branch-heads/4472@{#288}) on port 13197
Only local connections are allowed.
Please see https://chromedriver.chromium.org/security-considerations for suggestions on keeping ChromeDriver safe.
ChromeDriver was started successfully.
Jun 07, 2021 3:56:39 PM org.openqa.selenium.remote.ProtocolHandshake createSession
INFO: Detected dialect: W3C
org.openqa.selenium.TimeoutException: Expected condition failed: waiting for text (&apos;New Note&apos;) to be present in element found by By.xpath: //div[contains(@class,&apos;gw-boldLabel&apos;) and text()=&apos;New Note&apos;] (tried for 20 second(s) with 500 milliseconds interval)
	at org.openqa.selenium.support.ui.WebDriverWait.timeoutException(WebDriverWait.java:95)
	at org.openqa.selenium.support.ui.FluentWait.until(FluentWait.java:272)
	at com.Utils.Selenium.SeleniumWebDriver_Commands.GuidewireAutomate_Validation(SeleniumWebDriver_Commands.java:469)
	at com.pages.Guidewire.PersonalAuto.PersonalAuto_RiskAnalysis.button_Verify(PersonalAuto_RiskAnalysis.java:405)
	at com.pages.Guidewire.PersonalAuto.PersonalAuto_Reusable.submissionProcess(PersonalAuto_Reusable.java:339)
	at com.Test.Guidewire.PolicyCenter.GW_PC_PersonalAuto_Submission.AUT_PA_PC_NewSubmission_BindOption_IssuePolicy(GW_PC_PersonalAuto_Submission.java:429)
	at java.base/jdk.internal.reflect.NativeMethodAccessorImpl.invoke0(Native Method)
	at java.base/jdk.internal.reflect.NativeMethodAccessorImpl.invoke(NativeMethodAccessorImpl.java:64)
	at java.base/jdk.internal.reflect.DelegatingMethodAccessorImpl.invoke(DelegatingMethodAccessorImpl.java:43)
	at java.base/java.lang.reflect.Method.invoke(Method.java:564)
	at org.testng.internal.MethodInvocationHelper.invokeMethod(MethodInvocationHelper.java:104)
	at org.testng.internal.Invoker.invokeMethod(Invoker.java:645)
	at org.testng.internal.Invoker.invokeTestMethod(Invoker.java:851)
	at org.testng.internal.Invoker.invokeTestMethods(Invoker.java:1177)
	at org.testng.internal.TestMethodWorker.invokeTestMethods(TestMethodWorker.java:129)
	at org.testng.internal.TestMethodWorker.run(TestMethodWorker.java:112)
	at java.base/java.util.concurrent.ThreadPoolExecutor.runWorker(ThreadPoolExecutor.java:1130)
	at java.base/java.util.concurrent.ThreadPoolExecutor$Worker.run(ThreadPoolExecutor.java:630)
	at java.base/java.lang.Thread.run(Thread.java:832)
Caused by: org.openqa.selenium.NoSuchElementException: no such element: Unable to locate element: {&quot;method&quot;:&quot;xpath&quot;,&quot;selector&quot;:&quot;//div[contains(@class,&apos;gw-boldLabel&apos;) and text()=&apos;New Note&apos;]&quot;}
  (Session info: chrome=91.0.4472.77)
For documentation on this error, please visit: https://www.seleniumhq.org/exceptions/no_such_element.html
Build info: version: &apos;3.141.59&apos;, revision: &apos;e82be7d358&apos;, time: &apos;2018-11-14T08:17:03&apos;
System info: host: &apos;JMD&apos;, ip: &apos;192.168.1.100&apos;, os.name: &apos;Windows 10&apos;, os.arch: &apos;amd64&apos;, os.version: &apos;10.0&apos;, java.version: &apos;15.0.1&apos;
Driver info: org.openqa.selenium.chrome.ChromeDriver
Capabilities {acceptInsecureCerts: false, browserName: chrome, browserVersion: 91.0.4472.77, chrome: {chromedriverVersion: 91.0.4472.19 (1bf021f248676..., userDataDir: C:\Users\labor\AppData\Loca...}, goog:chromeOptions: {debuggerAddress: localhost:63791}, javascriptEnabled: true, networkConnectionEnabled: false, pageLoadStrategy: normal, platform: WINDOWS, platformName: WINDOWS, proxy: Proxy(), setWindowRect: true, strictFileInteractability: false, timeouts: {implicit: 0, pageLoad: 300000, script: 30000}, unhandledPromptBehavior: dismiss and notify, webauthn:extension:largeBlob: true, webauthn:virtualAuthenticators: true}
Session ID: 125c16838e7a2abbda6dbeba2190f804
*** Element info: {Using=xpath, value=//div[contains(@class,&apos;gw-boldLabel&apos;) and text()=&apos;New Note&apos;]}
	at java.base/jdk.internal.reflect.NativeConstructorAccessorImpl.newInstance0(Native Method)
	at java.base/jdk.internal.reflect.NativeConstructorAccessorImpl.newInstance(NativeConstructorAccessorImpl.java:64)
	at java.base/jdk.internal.reflect.DelegatingConstructorAccessorImpl.newInstance(DelegatingConstructorAccessorImpl.java:45)
	at java.base/java.lang.reflect.Constructor.newInstanceWithCaller(Constructor.java:500)
	at java.base/java.lang.reflect.Constructor.newInstance(Constructor.java:481)
	at org.openqa.selenium.remote.http.W3CHttpResponseCodec.createException(W3CHttpResponseCodec.java:187)
	at org.openqa.selenium.remote.http.W3CHttpResponseCodec.decode(W3CHttpResponseCodec.java:122)
	at org.openqa.selenium.remote.http.W3CHttpResponseCodec.decode(W3CHttpResponseCodec.java:49)
	at org.openqa.selenium.remote.HttpCommandExecutor.execute(HttpCommandExecutor.java:158)
	at org.openqa.selenium.remote.service.DriverCommandExecutor.execute(DriverCommandExecutor.java:83)
	at org.openqa.selenium.remote.RemoteWebDriver.execute(RemoteWebDriver.java:552)
	at org.openqa.selenium.remote.RemoteWebDriver.findElement(RemoteWebDriver.java:323)
	at org.openqa.selenium.remote.RemoteWebDriver.findElementByXPath(RemoteWebDriver.java:428)
	at org.openqa.selenium.By$ByXPath.findElement(By.java:353)
	at org.openqa.selenium.remote.RemoteWebDriver.findElement(RemoteWebDriver.java:315)
	at jdk.internal.reflect.GeneratedMethodAccessor4.invoke(Unknown Source)
	at java.base/jdk.internal.reflect.DelegatingMethodAccessorImpl.invoke(DelegatingMethodAccessorImpl.java:43)
	at java.base/java.lang.reflect.Method.invoke(Method.java:564)
	at org.openqa.selenium.support.events.EventFiringWebDriver.lambda$new$1(EventFiringWebDriver.java:105)
	at com.sun.proxy.$Proxy7.findElement(Unknown Source)
	at org.openqa.selenium.support.events.EventFiringWebDriver.findElement(EventFiringWebDriver.java:194)
	at org.openqa.selenium.support.ui.ExpectedConditions$13.apply(ExpectedConditions.java:382)
	at org.openqa.selenium.support.ui.ExpectedConditions$13.apply(ExpectedConditions.java:378)
	at org.openqa.selenium.support.ui.FluentWait.until(FluentWait.java:249)
	... 17 more
</system-err>
  </testcase>
</testsuite>