<?xml version="1.0" encoding="UTF-8"?>
<testng-results ignored="47" total="48" passed="1" failed="0" skipped="0">
  <reporter-output>
  </reporter-output>
  <suite started-at="2022-01-17T16:35:27Z" name="TestSuite_PersonalAuto" finished-at="2022-01-17T16:39:45Z" duration-ms="258491">
    <groups>
    </groups>
    <test started-at="2022-01-17T16:35:27Z" name="PersonalAuto PolicyCenter Regression" finished-at="2022-01-17T16:39:45Z" duration-ms="258491">
      <class name="com.Test.Guidewire.PolicyCenter.GW_PC_PersonalAuto_Submission">
        <test-method is-config="true" signature="driver_ObjReference_Initiate()[pri:0, instance:com.Test.Guidewire.PolicyCenter.GW_PC_PersonalAuto_Submission@338c99c8]" started-at="2022-01-17T22:05:27Z" name="driver_ObjReference_Initiate" finished-at="2022-01-17T22:05:27Z" duration-ms="11" status="PASS">
          <reporter-output>
          </reporter-output>
        </test-method> <!-- driver_ObjReference_Initiate -->
        <test-method signature="AUT_PA_PC_NewSubmission_NewAccount_NewSubmission()[pri:0, instance:com.Test.Guidewire.PolicyCenter.GW_PC_PersonalAuto_Submission@338c99c8]" started-at="2022-01-17T22:05:27Z" name="AUT_PA_PC_NewSubmission_NewAccount_NewSubmission" finished-at="2022-01-17T22:09:45Z" duration-ms="258212" status="PASS">
          <reporter-output>
          </reporter-output>
        </test-method> <!-- AUT_PA_PC_NewSubmission_NewAccount_NewSubmission -->
        <test-method is-config="true" signature="driver_ObjReference_Garbage()[pri:0, instance:com.Test.Guidewire.PolicyCenter.GW_PC_PersonalAuto_Submission@338c99c8]" started-at="2022-01-17T22:09:45Z" name="driver_ObjReference_Garbage" finished-at="2022-01-17T22:09:45Z" duration-ms="2" status="PASS">
          <reporter-output>
          </reporter-output>
        </test-method> <!-- driver_ObjReference_Garbage -->
      </class> <!-- com.Test.Guidewire.PolicyCenter.GW_PC_PersonalAuto_Submission -->
    </test> <!-- PersonalAuto PolicyCenter Regression -->
  </suite> <!-- TestSuite_PersonalAuto -->
</testng-results>
