<?xml version="1.0" encoding="UTF-8"?>
<testng-results skipped="0" failed="0" ignored="0" total="1" passed="1">
  <reporter-output>
  </reporter-output>
  <suite name="Suite" duration-ms="45314" started-at="2021-04-01T12:15:58Z" finished-at="2021-04-01T12:16:43Z">
    <groups>
    </groups>
    <test name="Test" duration-ms="45314" started-at="2021-04-01T12:15:58Z" finished-at="2021-04-01T12:16:43Z">
      <class name="com.Test.GW_BillingCenter_Test1">
        <test-method status="PASS" signature="BillingTest()[pri:0, instance:com.Test.GW_BillingCenter_Test1@f2f2cc1]" name="BillingTest" duration-ms="45165" started-at="2021-04-01T17:45:58Z" finished-at="2021-04-01T17:46:43Z">
          <reporter-output>
          </reporter-output>
        </test-method> <!-- BillingTest -->
      </class> <!-- com.Test.GW_BillingCenter_Test1 -->
    </test> <!-- Test -->
  </suite> <!-- Suite -->
</testng-results>
