-------------------------------------------------------------------------------
Test set: TestSuite
-------------------------------------------------------------------------------
Tests run: 2, Failures: 2, Errors: 0, Skipped: 0, Time elapsed: 697.582 sec <<< FAILURE!
AUT_PA_PC_Rewrite_RemainingOfTerm_01(com.Test.Guidewire.PolicyCenter.GW_PC_PersonalAuto_Rewrite_RemainingOfTerm)  Time elapsed: 309.351 sec  <<< FAILURE!
org.openqa.selenium.TimeoutException: Expected condition failed: waiting for visibility of element located by By.xpath: //div[contains(@id,'PolicyInfoInputSet-ExpirationDate')]//div[contains(@class,'gw-value-readonly-wrapper')] (tried for 20 second(s) with 500 milliseconds interval)
	at org.openqa.selenium.support.ui.WebDriverWait.timeoutException(WebDriverWait.java:95)
	at org.openqa.selenium.support.ui.FluentWait.until(FluentWait.java:272)
	at com.Utils.Selenium.SeleniumWebDriver_Commands.getText_Element(SeleniumWebDriver_Commands.java:703)
	at com.Utils.Selenium.SeleniumWebDriver_Commands.GuidewireAutomate_Validation(SeleniumWebDriver_Commands.java:483)
	at com.pages.Guidewire.PersonalAuto.PersonalAuto_PolicyInfo.policyDetails_fetch(PersonalAuto_PolicyInfo.java:196)
	at com.Test.Guidewire.PolicyCenter.GW_PC_PersonalAuto_Rewrite_RemainingOfTerm.AUT_PA_PC_Rewrite_RemainingOfTerm_01(GW_PC_PersonalAuto_Rewrite_RemainingOfTerm.java:46)
Caused by: org.openqa.selenium.NoSuchElementException: no such element: Unable to locate element: {"method":"xpath","selector":"//div[contains(@id,'PolicyInfoInputSet-ExpirationDate')]//div[contains(@class,'gw-value-readonly-wrapper')]"}
  (Session info: chrome=90.0.4430.212)
For documentation on this error, please visit: https://www.seleniumhq.org/exceptions/no_such_element.html
Build info: version: '3.141.59', revision: 'e82be7d358', time: '2018-11-14T08:17:03'
System info: host: 'JMD', ip: '192.168.8.100', os.name: 'Windows 10', os.arch: 'amd64', os.version: '10.0', java.version: '15.0.1'
Driver info: org.openqa.selenium.chrome.ChromeDriver
Capabilities {acceptInsecureCerts: false, browserName: chrome, browserVersion: 90.0.4430.212, chrome: {chromedriverVersion: 90.0.4430.24 (4c6d850f087da..., userDataDir: C:\Users\labor\AppData\Loca...}, goog:chromeOptions: {debuggerAddress: localhost:55971}, javascriptEnabled: true, networkConnectionEnabled: false, pageLoadStrategy: normal, platform: WINDOWS, platformName: WINDOWS, proxy: Proxy(), setWindowRect: true, strictFileInteractability: false, timeouts: {implicit: 0, pageLoad: 300000, script: 30000}, unhandledPromptBehavior: dismiss and notify, webauthn:extension:largeBlob: true, webauthn:virtualAuthenticators: true}
Session ID: 64fd2e482c5fdd51d372579dd6d85488
*** Element info: {Using=xpath, value=//div[contains(@id,'PolicyInfoInputSet-ExpirationDate')]//div[contains(@class,'gw-value-readonly-wrapper')]}
	at java.base/jdk.internal.reflect.NativeConstructorAccessorImpl.newInstance0(Native Method)
	at java.base/jdk.internal.reflect.NativeConstructorAccessorImpl.newInstance(NativeConstructorAccessorImpl.java:64)
	at java.base/jdk.internal.reflect.DelegatingConstructorAccessorImpl.newInstance(DelegatingConstructorAccessorImpl.java:45)
	at java.base/java.lang.reflect.Constructor.newInstanceWithCaller(Constructor.java:500)
	at java.base/java.lang.reflect.Constructor.newInstance(Constructor.java:481)
	at org.openqa.selenium.remote.http.W3CHttpResponseCodec.createException(W3CHttpResponseCodec.java:187)
	at org.openqa.selenium.remote.http.W3CHttpResponseCodec.decode(W3CHttpResponseCodec.java:122)
	at org.openqa.selenium.remote.http.W3CHttpResponseCodec.decode(W3CHttpResponseCodec.java:49)
	at org.openqa.selenium.remote.HttpCommandExecutor.execute(HttpCommandExecutor.java:158)
	at org.openqa.selenium.remote.service.DriverCommandExecutor.execute(DriverCommandExecutor.java:83)
	at org.openqa.selenium.remote.RemoteWebDriver.execute(RemoteWebDriver.java:552)
	at org.openqa.selenium.remote.RemoteWebDriver.findElement(RemoteWebDriver.java:323)
	at org.openqa.selenium.remote.RemoteWebDriver.findElementByXPath(RemoteWebDriver.java:428)
	at org.openqa.selenium.By$ByXPath.findElement(By.java:353)
	at org.openqa.selenium.remote.RemoteWebDriver.findElement(RemoteWebDriver.java:315)
	at jdk.internal.reflect.GeneratedMethodAccessor4.invoke(Unknown Source)
	at java.base/jdk.internal.reflect.DelegatingMethodAccessorImpl.invoke(DelegatingMethodAccessorImpl.java:43)
	at java.base/java.lang.reflect.Method.invoke(Method.java:564)
	at org.openqa.selenium.support.events.EventFiringWebDriver.lambda$new$1(EventFiringWebDriver.java:105)
	at com.sun.proxy.$Proxy7.findElement(Unknown Source)
	at org.openqa.selenium.support.events.EventFiringWebDriver.findElement(EventFiringWebDriver.java:194)
	at org.openqa.selenium.support.ui.ExpectedConditions$7.apply(ExpectedConditions.java:205)
	at org.openqa.selenium.support.ui.ExpectedConditions$7.apply(ExpectedConditions.java:201)
	at org.openqa.selenium.support.ui.FluentWait.until(FluentWait.java:249)
	... 17 more
AUT_PA_PC_Rewrite_NewTerm_01(com.Test.Guidewire.PolicyCenter.GW_PC_PersonalAuto_Rewrite_NewTerm)  Time elapsed: 386.418 sec  <<< FAILURE!
org.openqa.selenium.TimeoutException: Expected condition failed: waiting for text ('Rewrite New Term (Bound)') to be present in element found by By.xpath: //div[contains(@id,'InfoBar-JobLabel')]//div[@class='gw-label'] (tried for 20 second(s) with 500 milliseconds interval)
Build info: version: '3.141.59', revision: 'e82be7d358', time: '2018-11-14T08:17:03'
System info: host: 'JMD', ip: '192.168.8.100', os.name: 'Windows 10', os.arch: 'amd64', os.version: '10.0', java.version: '15.0.1'
Driver info: org.openqa.selenium.support.events.EventFiringWebDriver
Capabilities {acceptInsecureCerts: false, browserName: chrome, browserVersion: 90.0.4430.212, chrome: {chromedriverVersion: 90.0.4430.24 (4c6d850f087da..., userDataDir: C:\Users\labor\AppData\Loca...}, goog:chromeOptions: {debuggerAddress: localhost:56394}, javascriptEnabled: true, networkConnectionEnabled: false, pageLoadStrategy: normal, platform: WINDOWS, platformName: WINDOWS, proxy: Proxy(), setWindowRect: true, strictFileInteractability: false, timeouts: {implicit: 0, pageLoad: 300000, script: 30000}, unhandledPromptBehavior: dismiss and notify, webauthn:extension:largeBlob: true, webauthn:virtualAuthenticators: true}
Session ID: c34a05cb7bae957076bef7f500e7345a
	at org.openqa.selenium.support.ui.WebDriverWait.timeoutException(WebDriverWait.java:95)
	at org.openqa.selenium.support.ui.FluentWait.until(FluentWait.java:272)
	at com.Utils.Selenium.SeleniumWebDriver_Commands.GuidewireAutomate_Validation(SeleniumWebDriver_Commands.java:469)
	at com.pages.Guidewire.PolicyCenter.PolicyCenter_Resuables.clickButton(PolicyCenter_Resuables.java:128)
	at com.Test.Guidewire.PolicyCenter.GW_PC_PersonalAuto_Rewrite_NewTerm.AUT_PA_PC_Rewrite_NewTerm_01(GW_PC_PersonalAuto_Rewrite_NewTerm.java:88)
